[2017-12-01 22:22:11.886] -- [INFO] -- [main >>>> ContextLoader.java:305 >>>> Method = initWebApplicationContext] -- [Content = Root WebApplicationContext: initialization started]
[2017-12-01 22:22:11.998] -- [INFO] -- [main >>>> AbstractApplicationContext.java:578 >>>> Method = prepareRefresh] -- [Content = Refreshing Root WebApplicationContext: startup date [Fri Dec 01 22:22:11 CST 2017]; root of context hierarchy]
[2017-12-01 22:22:12.045] -- [INFO] -- [main >>>> XmlBeanDefinitionReader.java:317 >>>> Method = loadBeanDefinitions] -- [Content = Loading XML bean definitions from file [/Users/wenzixia/IdeaProjects/acim/target/classes/spring/applicationContext-dataSource.xml]]
[2017-12-01 22:22:12.247] -- [INFO] -- [main >>>> XmlBeanDefinitionReader.java:317 >>>> Method = loadBeanDefinitions] -- [Content = Loading XML bean definitions from file [/Users/wenzixia/IdeaProjects/acim/target/classes/spring/applicationContext-jdbc.xml]]
[2017-12-01 22:22:12.269] -- [INFO] -- [main >>>> XmlBeanDefinitionReader.java:317 >>>> Method = loadBeanDefinitions] -- [Content = Loading XML bean definitions from file [/Users/wenzixia/IdeaProjects/acim/target/classes/spring/applicationContext-jpa.xml]]
[2017-12-01 22:22:12.667] -- [INFO] -- [main >>>> XmlBeanDefinitionReader.java:317 >>>> Method = loadBeanDefinitions] -- [Content = Loading XML bean definitions from file [/Users/wenzixia/IdeaProjects/acim/target/classes/spring/applicationContext-transaction.xml]]
[2017-12-01 22:22:12.753] -- [INFO] -- [main >>>> XmlBeanDefinitionReader.java:317 >>>> Method = loadBeanDefinitions] -- [Content = Loading XML bean definitions from file [/Users/wenzixia/IdeaProjects/acim/target/classes/spring/applicationContext.xml]]
[2017-12-01 22:22:13.094] -- [INFO] -- [main >>>> PropertiesLoaderSupport.java:172 >>>> Method = loadProperties] -- [Content = Loading properties file from file [/Users/wenzixia/IdeaProjects/acim/target/classes/properties/config.properties]]
[2017-12-01 22:22:13.137] -- [INFO] -- [main >>>> AutowiredAnnotationBeanPostProcessor.java:153 >>>> Method = <init>] -- [Content = JSR-330 'javax.inject.Inject' annotation found and supported for autowiring]
[2017-12-01 22:22:14.426] -- [INFO] -- [main >>>> LocalContainerEntityManagerFactoryBean.java:339 >>>> Method = createNativeEntityManagerFactory] -- [Content = Building JPA container EntityManagerFactory for persistence unit 'jpaXml']
[2017-12-01 22:22:15.301] -- [WARN] -- [main >>>> ConfigurationFactory.java:136 >>>> Method = parseConfiguration] -- [Content = No configuration found. Configuring ehcache from ehcache-failsafe.xml  found in the classpath: jar:file:/Users/wenzixia/apache-maven-3.5.0/repository/net/sf/ehcache/ehcache/2.10.0/ehcache-2.10.0.jar!/ehcache-failsafe.xml]
[2017-12-01 22:22:26.956] -- [INFO] -- [main >>>> ContextLoader.java:345 >>>> Method = initWebApplicationContext] -- [Content = Root WebApplicationContext: initialization completed in 15065 ms]
[2017-12-01 22:22:27.012] -- [INFO] -- [main >>>> FrameworkServlet.java:488 >>>> Method = initServletBean] -- [Content = FrameworkServlet 'acim': initialization started]
[2017-12-01 22:22:27.018] -- [INFO] -- [main >>>> AbstractApplicationContext.java:578 >>>> Method = prepareRefresh] -- [Content = Refreshing WebApplicationContext for namespace 'acim-servlet': startup date [Fri Dec 01 22:22:27 CST 2017]; parent: Root WebApplicationContext]
[2017-12-01 22:22:27.019] -- [INFO] -- [main >>>> XmlBeanDefinitionReader.java:317 >>>> Method = loadBeanDefinitions] -- [Content = Loading XML bean definitions from class path resource [spring/spring-mvc.xml]]
[2017-12-01 22:22:27.564] -- [INFO] -- [main >>>> AutowiredAnnotationBeanPostProcessor.java:153 >>>> Method = <init>] -- [Content = JSR-330 'javax.inject.Inject' annotation found and supported for autowiring]
[2017-12-01 22:22:27.934] -- [INFO] -- [main >>>> AbstractHandlerMethodMapping.java:534 >>>> Method = register] -- [Content = Mapped "{[/login]}" onto public java.lang.String com.wz.module.system.controller.LoginContraller.login()]
[2017-12-01 22:22:27.937] -- [INFO] -- [main >>>> AbstractHandlerMethodMapping.java:534 >>>> Method = register] -- [Content = Mapped "{[/userLoginGo],methods=[POST]}" onto public java.util.Map<java.lang.String, java.lang.String> com.wz.module.system.controller.LoginContraller.userLoginGo(com.wz.module.system.pojo.SysUser)]
[2017-12-01 22:22:27.938] -- [INFO] -- [main >>>> AbstractHandlerMethodMapping.java:534 >>>> Method = register] -- [Content = Mapped "{[/success]}" onto public java.lang.String com.wz.module.system.controller.LoginContraller.successLogin()]
[2017-12-01 22:22:27.942] -- [INFO] -- [main >>>> AbstractHandlerMethodMapping.java:534 >>>> Method = register] -- [Content = Mapped "{[/sysUserController/showUserToJSONById.do/{userId}]}" onto public com.wz.module.system.pojo.SysUser com.wz.module.system.controller.SysUserController.showUser(java.lang.Long)]
[2017-12-01 22:22:27.943] -- [INFO] -- [main >>>> AbstractHandlerMethodMapping.java:534 >>>> Method = register] -- [Content = Mapped "{[/sysUserController/showUserToJspById.do/{userId}]}" onto public java.lang.String com.wz.module.system.controller.SysUserController.showUser(org.springframework.ui.Model,java.lang.Long)]
[2017-12-01 22:22:27.943] -- [INFO] -- [main >>>> AbstractHandlerMethodMapping.java:534 >>>> Method = register] -- [Content = Mapped "{[/sysUserController/save-user],methods=[POST]}" onto public com.wz.module.system.pojo.SysUser com.wz.module.system.controller.SysUserController.saveUser(com.wz.module.system.pojo.SysUser)]
[2017-12-01 22:22:27.944] -- [INFO] -- [main >>>> AbstractHandlerMethodMapping.java:534 >>>> Method = register] -- [Content = Mapped "{[/sysUserController/test-logback]}" onto public java.util.Date com.wz.module.system.controller.SysUserController.testLogback()]
[2017-12-01 22:22:27.945] -- [INFO] -- [main >>>> AbstractHandlerMethodMapping.java:534 >>>> Method = register] -- [Content = Mapped "{[/sysUserController/test-ehcache]}" onto public java.util.List<com.wz.module.system.pojo.SysUser> com.wz.module.system.controller.SysUserController.findEhcache()]
[2017-12-01 22:22:27.945] -- [INFO] -- [main >>>> AbstractHandlerMethodMapping.java:534 >>>> Method = register] -- [Content = Mapped "{[/sysUserController/test-no-ehcache/{userId}]}" onto public com.wz.module.system.pojo.SysUser com.wz.module.system.controller.SysUserController.findNoEhcache(java.lang.Long)]
[2017-12-01 22:22:27.949] -- [INFO] -- [main >>>> AbstractHandlerMethodMapping.java:534 >>>> Method = register] -- [Content = Mapped "{[/showAcim]}" onto public java.util.Map<java.lang.String, java.util.List<java.util.Map<java.lang.String, java.lang.String>>> com.wz.practices.miracles.controller.AcimController.showAcimData(com.wz.practices.miracles.pojo.Acim)]
[2017-12-01 22:22:28.740] -- [INFO] -- [main >>>> RequestMappingHandlerAdapter.java:532 >>>> Method = initControllerAdviceCache] -- [Content = Looking for @ControllerAdvice: WebApplicationContext for namespace 'acim-servlet': startup date [Fri Dec 01 22:22:27 CST 2017]; parent: Root WebApplicationContext]
[2017-12-01 22:22:28.851] -- [INFO] -- [main >>>> RequestMappingHandlerAdapter.java:532 >>>> Method = initControllerAdviceCache] -- [Content = Looking for @ControllerAdvice: WebApplicationContext for namespace 'acim-servlet': startup date [Fri Dec 01 22:22:27 CST 2017]; parent: Root WebApplicationContext]
[2017-12-01 22:22:28.966] -- [INFO] -- [main >>>> AbstractUrlHandlerMapping.java:341 >>>> Method = registerHandler] -- [Content = Mapped URL path [/css/**] onto handler 'org.springframework.web.servlet.resource.ResourceHttpRequestHandler#0']
[2017-12-01 22:22:28.970] -- [INFO] -- [main >>>> AbstractUrlHandlerMapping.java:341 >>>> Method = registerHandler] -- [Content = Mapped URL path [/css_wz/**] onto handler 'org.springframework.web.servlet.resource.ResourceHttpRequestHandler#1']
[2017-12-01 22:22:28.976] -- [INFO] -- [main >>>> AbstractUrlHandlerMapping.java:341 >>>> Method = registerHandler] -- [Content = Mapped URL path [/js/**] onto handler 'org.springframework.web.servlet.resource.ResourceHttpRequestHandler#2']
[2017-12-01 22:22:28.986] -- [INFO] -- [main >>>> AbstractUrlHandlerMapping.java:341 >>>> Method = registerHandler] -- [Content = Mapped URL path [/images/**] onto handler 'org.springframework.web.servlet.resource.ResourceHttpRequestHandler#3']
[2017-12-01 22:22:28.993] -- [INFO] -- [main >>>> AbstractUrlHandlerMapping.java:341 >>>> Method = registerHandler] -- [Content = Mapped URL path [/images_wz/**] onto handler 'org.springframework.web.servlet.resource.ResourceHttpRequestHandler#4']
[2017-12-01 22:22:28.997] -- [INFO] -- [main >>>> AbstractUrlHandlerMapping.java:341 >>>> Method = registerHandler] -- [Content = Mapped URL path [/less/**] onto handler 'org.springframework.web.servlet.resource.ResourceHttpRequestHandler#5']
[2017-12-01 22:22:29.002] -- [INFO] -- [main >>>> AbstractUrlHandlerMapping.java:341 >>>> Method = registerHandler] -- [Content = Mapped URL path [/fonts/**] onto handler 'org.springframework.web.servlet.resource.ResourceHttpRequestHandler#6']
[2017-12-01 22:22:29.008] -- [INFO] -- [main >>>> AbstractUrlHandlerMapping.java:341 >>>> Method = registerHandler] -- [Content = Mapped URL path [/images_wz/**] onto handler 'org.springframework.web.servlet.resource.ResourceHttpRequestHandler#7']
[2017-12-01 22:22:29.199] -- [INFO] -- [main >>>> FrameworkServlet.java:507 >>>> Method = initServletBean] -- [Content = FrameworkServlet 'acim': initialization completed in 2187 ms]
[2017-12-01 22:25:49.474] -- [INFO] -- [main >>>> ContextLoader.java:305 >>>> Method = initWebApplicationContext] -- [Content = Root WebApplicationContext: initialization started]
[2017-12-01 22:25:49.567] -- [INFO] -- [main >>>> AbstractApplicationContext.java:578 >>>> Method = prepareRefresh] -- [Content = Refreshing Root WebApplicationContext: startup date [Fri Dec 01 22:25:49 CST 2017]; root of context hierarchy]
[2017-12-01 22:25:49.601] -- [INFO] -- [main >>>> XmlBeanDefinitionReader.java:317 >>>> Method = loadBeanDefinitions] -- [Content = Loading XML bean definitions from file [/Users/wenzixia/IdeaProjects/acim/target/classes/spring/applicationContext-dataSource.xml]]
[2017-12-01 22:25:49.713] -- [INFO] -- [main >>>> XmlBeanDefinitionReader.java:317 >>>> Method = loadBeanDefinitions] -- [Content = Loading XML bean definitions from file [/Users/wenzixia/IdeaProjects/acim/target/classes/spring/applicationContext-jdbc.xml]]
[2017-12-01 22:25:49.734] -- [INFO] -- [main >>>> XmlBeanDefinitionReader.java:317 >>>> Method = loadBeanDefinitions] -- [Content = Loading XML bean definitions from file [/Users/wenzixia/IdeaProjects/acim/target/classes/spring/applicationContext-jpa.xml]]
[2017-12-01 22:25:50.053] -- [INFO] -- [main >>>> XmlBeanDefinitionReader.java:317 >>>> Method = loadBeanDefinitions] -- [Content = Loading XML bean definitions from file [/Users/wenzixia/IdeaProjects/acim/target/classes/spring/applicationContext-transaction.xml]]
[2017-12-01 22:25:50.098] -- [INFO] -- [main >>>> XmlBeanDefinitionReader.java:317 >>>> Method = loadBeanDefinitions] -- [Content = Loading XML bean definitions from file [/Users/wenzixia/IdeaProjects/acim/target/classes/spring/applicationContext.xml]]
[2017-12-01 22:25:50.310] -- [INFO] -- [main >>>> PropertiesLoaderSupport.java:172 >>>> Method = loadProperties] -- [Content = Loading properties file from file [/Users/wenzixia/IdeaProjects/acim/target/classes/properties/config.properties]]
[2017-12-01 22:25:50.346] -- [INFO] -- [main >>>> AutowiredAnnotationBeanPostProcessor.java:153 >>>> Method = <init>] -- [Content = JSR-330 'javax.inject.Inject' annotation found and supported for autowiring]
[2017-12-01 22:25:51.171] -- [INFO] -- [main >>>> LocalContainerEntityManagerFactoryBean.java:339 >>>> Method = createNativeEntityManagerFactory] -- [Content = Building JPA container EntityManagerFactory for persistence unit 'jpaXml']
[2017-12-01 22:25:51.790] -- [WARN] -- [main >>>> ConfigurationFactory.java:136 >>>> Method = parseConfiguration] -- [Content = No configuration found. Configuring ehcache from ehcache-failsafe.xml  found in the classpath: jar:file:/Users/wenzixia/apache-maven-3.5.0/repository/net/sf/ehcache/ehcache/2.10.0/ehcache-2.10.0.jar!/ehcache-failsafe.xml]
[2017-12-01 22:26:03.273] -- [INFO] -- [main >>>> ContextLoader.java:345 >>>> Method = initWebApplicationContext] -- [Content = Root WebApplicationContext: initialization completed in 13795 ms]
[2017-12-01 22:26:03.339] -- [INFO] -- [main >>>> FrameworkServlet.java:488 >>>> Method = initServletBean] -- [Content = FrameworkServlet 'acim': initialization started]
[2017-12-01 22:26:03.346] -- [INFO] -- [main >>>> AbstractApplicationContext.java:578 >>>> Method = prepareRefresh] -- [Content = Refreshing WebApplicationContext for namespace 'acim-servlet': startup date [Fri Dec 01 22:26:03 CST 2017]; parent: Root WebApplicationContext]
[2017-12-01 22:26:03.347] -- [INFO] -- [main >>>> XmlBeanDefinitionReader.java:317 >>>> Method = loadBeanDefinitions] -- [Content = Loading XML bean definitions from class path resource [spring/spring-mvc.xml]]
[2017-12-01 22:26:03.800] -- [INFO] -- [main >>>> AutowiredAnnotationBeanPostProcessor.java:153 >>>> Method = <init>] -- [Content = JSR-330 'javax.inject.Inject' annotation found and supported for autowiring]
[2017-12-01 22:26:04.192] -- [INFO] -- [main >>>> AbstractHandlerMethodMapping.java:534 >>>> Method = register] -- [Content = Mapped "{[/userLoginGo],methods=[POST]}" onto public java.util.Map<java.lang.String, java.lang.String> com.wz.module.system.controller.LoginContraller.userLoginGo(com.wz.module.system.pojo.SysUser)]
[2017-12-01 22:26:04.193] -- [INFO] -- [main >>>> AbstractHandlerMethodMapping.java:534 >>>> Method = register] -- [Content = Mapped "{[/login]}" onto public java.lang.String com.wz.module.system.controller.LoginContraller.login()]
[2017-12-01 22:26:04.194] -- [INFO] -- [main >>>> AbstractHandlerMethodMapping.java:534 >>>> Method = register] -- [Content = Mapped "{[/success]}" onto public java.lang.String com.wz.module.system.controller.LoginContraller.successLogin()]
[2017-12-01 22:26:04.197] -- [INFO] -- [main >>>> AbstractHandlerMethodMapping.java:534 >>>> Method = register] -- [Content = Mapped "{[/sysUserController/showUserToJSONById.do/{userId}]}" onto public com.wz.module.system.pojo.SysUser com.wz.module.system.controller.SysUserController.showUser(java.lang.Long)]
[2017-12-01 22:26:04.198] -- [INFO] -- [main >>>> AbstractHandlerMethodMapping.java:534 >>>> Method = register] -- [Content = Mapped "{[/sysUserController/showUserToJspById.do/{userId}]}" onto public java.lang.String com.wz.module.system.controller.SysUserController.showUser(org.springframework.ui.Model,java.lang.Long)]
[2017-12-01 22:26:04.198] -- [INFO] -- [main >>>> AbstractHandlerMethodMapping.java:534 >>>> Method = register] -- [Content = Mapped "{[/sysUserController/save-user],methods=[POST]}" onto public com.wz.module.system.pojo.SysUser com.wz.module.system.controller.SysUserController.saveUser(com.wz.module.system.pojo.SysUser)]
[2017-12-01 22:26:04.199] -- [INFO] -- [main >>>> AbstractHandlerMethodMapping.java:534 >>>> Method = register] -- [Content = Mapped "{[/sysUserController/test-logback]}" onto public java.util.Date com.wz.module.system.controller.SysUserController.testLogback()]
[2017-12-01 22:26:04.200] -- [INFO] -- [main >>>> AbstractHandlerMethodMapping.java:534 >>>> Method = register] -- [Content = Mapped "{[/sysUserController/test-ehcache]}" onto public java.util.List<com.wz.module.system.pojo.SysUser> com.wz.module.system.controller.SysUserController.findEhcache()]
[2017-12-01 22:26:04.201] -- [INFO] -- [main >>>> AbstractHandlerMethodMapping.java:534 >>>> Method = register] -- [Content = Mapped "{[/sysUserController/test-no-ehcache/{userId}]}" onto public com.wz.module.system.pojo.SysUser com.wz.module.system.controller.SysUserController.findNoEhcache(java.lang.Long)]
[2017-12-01 22:26:04.203] -- [INFO] -- [main >>>> AbstractHandlerMethodMapping.java:534 >>>> Method = register] -- [Content = Mapped "{[/showAcim]}" onto public java.util.Map<java.lang.String, java.util.List<java.util.Map<java.lang.String, java.lang.String>>> com.wz.practices.miracles.controller.AcimController.showAcimData(com.wz.practices.miracles.pojo.Acim)]
[2017-12-01 22:26:04.797] -- [INFO] -- [main >>>> RequestMappingHandlerAdapter.java:532 >>>> Method = initControllerAdviceCache] -- [Content = Looking for @ControllerAdvice: WebApplicationContext for namespace 'acim-servlet': startup date [Fri Dec 01 22:26:03 CST 2017]; parent: Root WebApplicationContext]
[2017-12-01 22:26:04.894] -- [INFO] -- [main >>>> RequestMappingHandlerAdapter.java:532 >>>> Method = initControllerAdviceCache] -- [Content = Looking for @ControllerAdvice: WebApplicationContext for namespace 'acim-servlet': startup date [Fri Dec 01 22:26:03 CST 2017]; parent: Root WebApplicationContext]
[2017-12-01 22:26:05.012] -- [INFO] -- [main >>>> AbstractUrlHandlerMapping.java:341 >>>> Method = registerHandler] -- [Content = Mapped URL path [/css/**] onto handler 'org.springframework.web.servlet.resource.ResourceHttpRequestHandler#0']
[2017-12-01 22:26:05.017] -- [INFO] -- [main >>>> AbstractUrlHandlerMapping.java:341 >>>> Method = registerHandler] -- [Content = Mapped URL path [/css_wz/**] onto handler 'org.springframework.web.servlet.resource.ResourceHttpRequestHandler#1']
[2017-12-01 22:26:05.022] -- [INFO] -- [main >>>> AbstractUrlHandlerMapping.java:341 >>>> Method = registerHandler] -- [Content = Mapped URL path [/js/**] onto handler 'org.springframework.web.servlet.resource.ResourceHttpRequestHandler#2']
[2017-12-01 22:26:05.030] -- [INFO] -- [main >>>> AbstractUrlHandlerMapping.java:341 >>>> Method = registerHandler] -- [Content = Mapped URL path [/images/**] onto handler 'org.springframework.web.servlet.resource.ResourceHttpRequestHandler#3']
[2017-12-01 22:26:05.036] -- [INFO] -- [main >>>> AbstractUrlHandlerMapping.java:341 >>>> Method = registerHandler] -- [Content = Mapped URL path [/images_wz/**] onto handler 'org.springframework.web.servlet.resource.ResourceHttpRequestHandler#4']
[2017-12-01 22:26:05.041] -- [INFO] -- [main >>>> AbstractUrlHandlerMapping.java:341 >>>> Method = registerHandler] -- [Content = Mapped URL path [/less/**] onto handler 'org.springframework.web.servlet.resource.ResourceHttpRequestHandler#5']
[2017-12-01 22:26:05.046] -- [INFO] -- [main >>>> AbstractUrlHandlerMapping.java:341 >>>> Method = registerHandler] -- [Content = Mapped URL path [/fonts/**] onto handler 'org.springframework.web.servlet.resource.ResourceHttpRequestHandler#6']
[2017-12-01 22:26:05.051] -- [INFO] -- [main >>>> AbstractUrlHandlerMapping.java:341 >>>> Method = registerHandler] -- [Content = Mapped URL path [/images_wz/**] onto handler 'org.springframework.web.servlet.resource.ResourceHttpRequestHandler#7']
[2017-12-01 22:26:05.201] -- [INFO] -- [main >>>> FrameworkServlet.java:507 >>>> Method = initServletBean] -- [Content = FrameworkServlet 'acim': initialization completed in 1861 ms]
