[2017-11-29 10:15:44.386] -- [INFO] -- [main >>>> ContextLoader.java:305 >>>> Method = initWebApplicationContext] -- [Content = Root WebApplicationContext: initialization started]
[2017-11-29 10:15:44.516] -- [INFO] -- [main >>>> AbstractApplicationContext.java:578 >>>> Method = prepareRefresh] -- [Content = Refreshing Root WebApplicationContext: startup date [Wed Nov 29 10:15:44 CST 2017]; root of context hierarchy]
[2017-11-29 10:15:44.624] -- [INFO] -- [main >>>> XmlBeanDefinitionReader.java:317 >>>> Method = loadBeanDefinitions] -- [Content = Loading XML bean definitions from file [/Users/wenzixia/IdeaProjects/acim/target/classes/spring/applicationContext-dataSource.xml]]
[2017-11-29 10:15:44.830] -- [INFO] -- [main >>>> XmlBeanDefinitionReader.java:317 >>>> Method = loadBeanDefinitions] -- [Content = Loading XML bean definitions from file [/Users/wenzixia/IdeaProjects/acim/target/classes/spring/applicationContext-jdbc.xml]]
[2017-11-29 10:15:44.866] -- [INFO] -- [main >>>> XmlBeanDefinitionReader.java:317 >>>> Method = loadBeanDefinitions] -- [Content = Loading XML bean definitions from file [/Users/wenzixia/IdeaProjects/acim/target/classes/spring/applicationContext-jpa.xml]]
[2017-11-29 10:15:45.270] -- [INFO] -- [main >>>> XmlBeanDefinitionReader.java:317 >>>> Method = loadBeanDefinitions] -- [Content = Loading XML bean definitions from file [/Users/wenzixia/IdeaProjects/acim/target/classes/spring/applicationContext-transaction.xml]]
[2017-11-29 10:15:45.341] -- [INFO] -- [main >>>> XmlBeanDefinitionReader.java:317 >>>> Method = loadBeanDefinitions] -- [Content = Loading XML bean definitions from file [/Users/wenzixia/IdeaProjects/acim/target/classes/spring/applicationContext.xml]]
[2017-11-29 10:15:45.606] -- [INFO] -- [main >>>> PropertiesLoaderSupport.java:172 >>>> Method = loadProperties] -- [Content = Loading properties file from file [/Users/wenzixia/IdeaProjects/acim/target/classes/properties/config.properties]]
[2017-11-29 10:15:45.650] -- [INFO] -- [main >>>> AutowiredAnnotationBeanPostProcessor.java:153 >>>> Method = <init>] -- [Content = JSR-330 'javax.inject.Inject' annotation found and supported for autowiring]
[2017-11-29 10:15:46.703] -- [INFO] -- [main >>>> LocalContainerEntityManagerFactoryBean.java:339 >>>> Method = createNativeEntityManagerFactory] -- [Content = Building JPA container EntityManagerFactory for persistence unit 'jpaXml']
[2017-11-29 10:15:47.610] -- [WARN] -- [main >>>> ConfigurationFactory.java:136 >>>> Method = parseConfiguration] -- [Content = No configuration found. Configuring ehcache from ehcache-failsafe.xml  found in the classpath: jar:file:/Users/wenzixia/apache-maven-3.5.0/repository/net/sf/ehcache/ehcache/2.10.0/ehcache-2.10.0.jar!/ehcache-failsafe.xml]
[2017-11-29 10:15:49.845] -- [INFO] -- [main >>>> ContextLoader.java:345 >>>> Method = initWebApplicationContext] -- [Content = Root WebApplicationContext: initialization completed in 5455 ms]
[2017-11-29 10:15:49.902] -- [INFO] -- [main >>>> FrameworkServlet.java:488 >>>> Method = initServletBean] -- [Content = FrameworkServlet 'acim': initialization started]
[2017-11-29 10:15:49.906] -- [INFO] -- [main >>>> AbstractApplicationContext.java:578 >>>> Method = prepareRefresh] -- [Content = Refreshing WebApplicationContext for namespace 'acim-servlet': startup date [Wed Nov 29 10:15:49 CST 2017]; parent: Root WebApplicationContext]
[2017-11-29 10:15:49.907] -- [INFO] -- [main >>>> XmlBeanDefinitionReader.java:317 >>>> Method = loadBeanDefinitions] -- [Content = Loading XML bean definitions from class path resource [spring/spring-mvc.xml]]
[2017-11-29 10:15:50.350] -- [INFO] -- [main >>>> AutowiredAnnotationBeanPostProcessor.java:153 >>>> Method = <init>] -- [Content = JSR-330 'javax.inject.Inject' annotation found and supported for autowiring]
[2017-11-29 10:15:50.711] -- [INFO] -- [main >>>> AbstractHandlerMethodMapping.java:534 >>>> Method = register] -- [Content = Mapped "{[/userLoginContraller/login]}" onto public java.lang.String com.wz.module.system.controller.LoginContraller.login()]
[2017-11-29 10:15:50.714] -- [INFO] -- [main >>>> AbstractHandlerMethodMapping.java:534 >>>> Method = register] -- [Content = Mapped "{[/userLoginContraller/userLoginGo],methods=[POST]}" onto public java.util.Map<java.lang.String, java.lang.String> com.wz.module.system.controller.LoginContraller.userLoginGo(com.wz.module.system.pojo.SysUser)]
[2017-11-29 10:15:50.716] -- [INFO] -- [main >>>> AbstractHandlerMethodMapping.java:534 >>>> Method = register] -- [Content = Mapped "{[/userLoginContraller/success]}" onto public java.lang.String com.wz.module.system.controller.LoginContraller.loginSucess()]
[2017-11-29 10:15:50.722] -- [INFO] -- [main >>>> AbstractHandlerMethodMapping.java:534 >>>> Method = register] -- [Content = Mapped "{[/sysUserController/showUserToJSONById.do/{userId}]}" onto public com.wz.module.system.pojo.SysUser com.wz.module.system.controller.SysUserController.showUser(java.lang.Long)]
[2017-11-29 10:15:50.723] -- [INFO] -- [main >>>> AbstractHandlerMethodMapping.java:534 >>>> Method = register] -- [Content = Mapped "{[/sysUserController/showUserToJspById.do/{userId}]}" onto public java.lang.String com.wz.module.system.controller.SysUserController.showUser(org.springframework.ui.Model,java.lang.Long)]
[2017-11-29 10:15:50.723] -- [INFO] -- [main >>>> AbstractHandlerMethodMapping.java:534 >>>> Method = register] -- [Content = Mapped "{[/sysUserController/save-user],methods=[POST]}" onto public com.wz.module.system.pojo.SysUser com.wz.module.system.controller.SysUserController.saveUser(com.wz.module.system.pojo.SysUser)]
[2017-11-29 10:15:50.724] -- [INFO] -- [main >>>> AbstractHandlerMethodMapping.java:534 >>>> Method = register] -- [Content = Mapped "{[/sysUserController/test-logback]}" onto public java.util.Date com.wz.module.system.controller.SysUserController.testLogback()]
[2017-11-29 10:15:50.725] -- [INFO] -- [main >>>> AbstractHandlerMethodMapping.java:534 >>>> Method = register] -- [Content = Mapped "{[/sysUserController/test-ehcache]}" onto public java.util.List<com.wz.module.system.pojo.SysUser> com.wz.module.system.controller.SysUserController.findEhcache()]
[2017-11-29 10:15:50.725] -- [INFO] -- [main >>>> AbstractHandlerMethodMapping.java:534 >>>> Method = register] -- [Content = Mapped "{[/sysUserController/test-no-ehcache/{userId}]}" onto public com.wz.module.system.pojo.SysUser com.wz.module.system.controller.SysUserController.findNoEhcache(java.lang.Long)]
[2017-11-29 10:15:51.449] -- [INFO] -- [main >>>> RequestMappingHandlerAdapter.java:532 >>>> Method = initControllerAdviceCache] -- [Content = Looking for @ControllerAdvice: WebApplicationContext for namespace 'acim-servlet': startup date [Wed Nov 29 10:15:49 CST 2017]; parent: Root WebApplicationContext]
[2017-11-29 10:15:51.553] -- [INFO] -- [main >>>> RequestMappingHandlerAdapter.java:532 >>>> Method = initControllerAdviceCache] -- [Content = Looking for @ControllerAdvice: WebApplicationContext for namespace 'acim-servlet': startup date [Wed Nov 29 10:15:49 CST 2017]; parent: Root WebApplicationContext]
[2017-11-29 10:15:51.663] -- [INFO] -- [main >>>> AbstractUrlHandlerMapping.java:341 >>>> Method = registerHandler] -- [Content = Mapped URL path [/css/**] onto handler 'org.springframework.web.servlet.resource.ResourceHttpRequestHandler#0']
[2017-11-29 10:15:51.670] -- [INFO] -- [main >>>> AbstractUrlHandlerMapping.java:341 >>>> Method = registerHandler] -- [Content = Mapped URL path [/css_wz/**] onto handler 'org.springframework.web.servlet.resource.ResourceHttpRequestHandler#1']
[2017-11-29 10:15:51.681] -- [INFO] -- [main >>>> AbstractUrlHandlerMapping.java:341 >>>> Method = registerHandler] -- [Content = Mapped URL path [/js/**] onto handler 'org.springframework.web.servlet.resource.ResourceHttpRequestHandler#2']
[2017-11-29 10:15:51.689] -- [INFO] -- [main >>>> AbstractUrlHandlerMapping.java:341 >>>> Method = registerHandler] -- [Content = Mapped URL path [/images/**] onto handler 'org.springframework.web.servlet.resource.ResourceHttpRequestHandler#3']
[2017-11-29 10:15:51.694] -- [INFO] -- [main >>>> AbstractUrlHandlerMapping.java:341 >>>> Method = registerHandler] -- [Content = Mapped URL path [/images_wz/**] onto handler 'org.springframework.web.servlet.resource.ResourceHttpRequestHandler#4']
[2017-11-29 10:15:51.705] -- [INFO] -- [main >>>> AbstractUrlHandlerMapping.java:341 >>>> Method = registerHandler] -- [Content = Mapped URL path [/less/**] onto handler 'org.springframework.web.servlet.resource.ResourceHttpRequestHandler#5']
[2017-11-29 10:15:51.709] -- [INFO] -- [main >>>> AbstractUrlHandlerMapping.java:341 >>>> Method = registerHandler] -- [Content = Mapped URL path [/images_wz/**] onto handler 'org.springframework.web.servlet.resource.ResourceHttpRequestHandler#6']
[2017-11-29 10:15:51.894] -- [INFO] -- [main >>>> FrameworkServlet.java:507 >>>> Method = initServletBean] -- [Content = FrameworkServlet 'acim': initialization completed in 1992 ms]
[2017-11-29 10:16:40.646] -- [INFO] -- [http-8080-1 >>>> LogAspect.java:34 >>>> Method = logBefore] -- [Content = ================== Controller 日志记录 start ===================]
[2017-11-29 10:16:40.648] -- [INFO] -- [http-8080-1 >>>> LogAspect.java:35 >>>> Method = logBefore] -- [Content = 1.当前访问的类为：com.wz.module.system.controller.LoginContraller@41b30e02]
[2017-11-29 10:16:40.648] -- [INFO] -- [http-8080-1 >>>> LogAspect.java:36 >>>> Method = logBefore] -- [Content = 2.调用的方法开始：login]
[2017-11-29 10:16:40.648] -- [INFO] -- [http-8080-1 >>>> LogAspect.java:39 >>>> Method = logBefore] -- [Content = login 方法没有参数]
[2017-11-29 10:16:40.649] -- [INFO] -- [http-8080-1 >>>> LogAspect.java:48 >>>> Method = logBefore] -- [Content = /////////////////////////////////////\\\\\\\\\\\\\\\\\\\\\\\\\\\\\\\\\\\\\]
[2017-11-29 10:16:40.654] -- [INFO] -- [http-8080-1 >>>> LogAspect.java:54 >>>> Method = logAfter] -- [Content = \\\\\\\\\\\\\\\\\\\\\\\\\\\\\\\\\\\\\/////////////////////////////////////]
[2017-11-29 10:16:40.655] -- [INFO] -- [http-8080-1 >>>> LogAspect.java:57 >>>> Method = logAfter] -- [Content = 3.共花费时间：9 毫秒]
[2017-11-29 10:16:40.655] -- [INFO] -- [http-8080-1 >>>> LogAspect.java:64 >>>> Method = logAfter] -- [Content = ================== Controller 日志记录 End ===================]
[2017-11-29 10:16:40.843] -- [WARN] -- [http-8080-1 >>>> StandardJavaScriptSerializer.java:600 >>>> Method = handleErrorLoggingOnJacksonInitialization] -- [Content = [THYMELEAF] Could not initialize Jackson-based serializer even if the Jackson library was detected to be present at the classpath. Please make sure you are adding the jackson-databind module to your classpath, and that version is >= 2.5.0. THYMELEAF INITIALIZATION WILL CONTINUE, but Jackson will not be used for JavaScript serialization. Set the log to DEBUG to see a complete exception trace. Exception message is: com.fasterxml.jackson.databind.ObjectMapper.disable([Lcom/fasterxml/jackson/core/JsonGenerator$Feature;)Lcom/fasterxml/jackson/databind/ObjectMapper;]
[2017-11-29 10:16:41.534] -- [WARN] -- [http-8080-1 >>>> DispatcherServlet.java:1136 >>>> Method = noHandlerFound] -- [Content = No mapping found for HTTP request with URI [/acim/fonts/lato/Lato-Reg-webfont.woff] in DispatcherServlet with name 'acim']
[2017-11-29 10:16:41.536] -- [WARN] -- [http-8080-4 >>>> DispatcherServlet.java:1136 >>>> Method = noHandlerFound] -- [Content = No mapping found for HTTP request with URI [/acim/fonts/lato/Lato-Bol-webfont.woff] in DispatcherServlet with name 'acim']
[2017-11-29 10:16:41.616] -- [WARN] -- [http-8080-4 >>>> DispatcherServlet.java:1136 >>>> Method = noHandlerFound] -- [Content = No mapping found for HTTP request with URI [/acim/fonts/lato/Lato-Reg-webfont.ttf] in DispatcherServlet with name 'acim']
[2017-11-29 10:16:41.622] -- [WARN] -- [http-8080-1 >>>> DispatcherServlet.java:1136 >>>> Method = noHandlerFound] -- [Content = No mapping found for HTTP request with URI [/acim/fonts/lato/Lato-Bol-webfont.ttf] in DispatcherServlet with name 'acim']
[2017-11-29 10:16:56.114] -- [WARN] -- [http-8080-4 >>>> DefaultHandlerExceptionResolver.java:208 >>>> Method = handleHttpRequestMethodNotSupported] -- [Content = Request method 'GET' not supported]
[2017-11-29 10:18:19.305] -- [INFO] -- [http-8080-4 >>>> LogAspect.java:34 >>>> Method = logBefore] -- [Content = ================== Controller 日志记录 start ===================]
[2017-11-29 10:18:19.306] -- [INFO] -- [http-8080-4 >>>> LogAspect.java:35 >>>> Method = logBefore] -- [Content = 1.当前访问的类为：com.wz.module.system.controller.LoginContraller@41b30e02]
[2017-11-29 10:18:19.306] -- [INFO] -- [http-8080-4 >>>> LogAspect.java:36 >>>> Method = logBefore] -- [Content = 2.调用的方法开始：login]
[2017-11-29 10:18:19.306] -- [INFO] -- [http-8080-4 >>>> LogAspect.java:39 >>>> Method = logBefore] -- [Content = login 方法没有参数]
[2017-11-29 10:18:19.307] -- [INFO] -- [http-8080-4 >>>> LogAspect.java:48 >>>> Method = logBefore] -- [Content = /////////////////////////////////////\\\\\\\\\\\\\\\\\\\\\\\\\\\\\\\\\\\\\]
[2017-11-29 10:18:19.307] -- [INFO] -- [http-8080-4 >>>> LogAspect.java:54 >>>> Method = logAfter] -- [Content = \\\\\\\\\\\\\\\\\\\\\\\\\\\\\\\\\\\\\/////////////////////////////////////]
[2017-11-29 10:18:19.307] -- [INFO] -- [http-8080-4 >>>> LogAspect.java:57 >>>> Method = logAfter] -- [Content = 3.共花费时间：2 毫秒]
[2017-11-29 10:18:19.308] -- [INFO] -- [http-8080-4 >>>> LogAspect.java:64 >>>> Method = logAfter] -- [Content = ================== Controller 日志记录 End ===================]
[2017-11-29 10:18:19.466] -- [WARN] -- [http-8080-4 >>>> DispatcherServlet.java:1136 >>>> Method = noHandlerFound] -- [Content = No mapping found for HTTP request with URI [/acim/fonts/lato/Lato-Reg-webfont.woff] in DispatcherServlet with name 'acim']
[2017-11-29 10:18:19.475] -- [WARN] -- [http-8080-4 >>>> DispatcherServlet.java:1136 >>>> Method = noHandlerFound] -- [Content = No mapping found for HTTP request with URI [/acim/fonts/lato/Lato-Bol-webfont.woff] in DispatcherServlet with name 'acim']
[2017-11-29 10:18:19.599] -- [WARN] -- [http-8080-1 >>>> DispatcherServlet.java:1136 >>>> Method = noHandlerFound] -- [Content = No mapping found for HTTP request with URI [/acim/fonts/lato/Lato-Bol-webfont.ttf] in DispatcherServlet with name 'acim']
[2017-11-29 10:18:19.603] -- [WARN] -- [http-8080-4 >>>> DispatcherServlet.java:1136 >>>> Method = noHandlerFound] -- [Content = No mapping found for HTTP request with URI [/acim/fonts/lato/Lato-Reg-webfont.ttf] in DispatcherServlet with name 'acim']
[2017-11-29 10:18:25.918] -- [WARN] -- [http-8080-4 >>>> DispatcherServlet.java:1136 >>>> Method = noHandlerFound] -- [Content = No mapping found for HTTP request with URI [/acim/userLoginContraller/sysUserController/userLoginGo] in DispatcherServlet with name 'acim']
[2017-11-29 10:50:27.102] -- [INFO] -- [http-8080-4 >>>> LogAspect.java:34 >>>> Method = logBefore] -- [Content = ================== Controller 日志记录 start ===================]
[2017-11-29 10:50:27.102] -- [INFO] -- [http-8080-4 >>>> LogAspect.java:35 >>>> Method = logBefore] -- [Content = 1.当前访问的类为：com.wz.module.system.controller.LoginContraller@41b30e02]
[2017-11-29 10:50:27.103] -- [INFO] -- [http-8080-4 >>>> LogAspect.java:36 >>>> Method = logBefore] -- [Content = 2.调用的方法开始：login]
[2017-11-29 10:50:27.103] -- [INFO] -- [http-8080-4 >>>> LogAspect.java:39 >>>> Method = logBefore] -- [Content = login 方法没有参数]
[2017-11-29 10:50:27.104] -- [INFO] -- [http-8080-4 >>>> LogAspect.java:48 >>>> Method = logBefore] -- [Content = /////////////////////////////////////\\\\\\\\\\\\\\\\\\\\\\\\\\\\\\\\\\\\\]
[2017-11-29 10:50:27.105] -- [INFO] -- [http-8080-4 >>>> LogAspect.java:54 >>>> Method = logAfter] -- [Content = \\\\\\\\\\\\\\\\\\\\\\\\\\\\\\\\\\\\\/////////////////////////////////////]
[2017-11-29 10:50:27.105] -- [INFO] -- [http-8080-4 >>>> LogAspect.java:57 >>>> Method = logAfter] -- [Content = 3.共花费时间：3 毫秒]
[2017-11-29 10:50:27.105] -- [INFO] -- [http-8080-4 >>>> LogAspect.java:64 >>>> Method = logAfter] -- [Content = ================== Controller 日志记录 End ===================]
[2017-11-29 10:50:27.198] -- [WARN] -- [http-8080-4 >>>> DispatcherServlet.java:1136 >>>> Method = noHandlerFound] -- [Content = No mapping found for HTTP request with URI [/acim/fonts/lato/Lato-Reg-webfont.woff] in DispatcherServlet with name 'acim']
[2017-11-29 10:50:27.208] -- [WARN] -- [http-8080-4 >>>> DispatcherServlet.java:1136 >>>> Method = noHandlerFound] -- [Content = No mapping found for HTTP request with URI [/acim/fonts/lato/Lato-Bol-webfont.woff] in DispatcherServlet with name 'acim']
[2017-11-29 10:50:27.223] -- [WARN] -- [http-8080-4 >>>> DispatcherServlet.java:1136 >>>> Method = noHandlerFound] -- [Content = No mapping found for HTTP request with URI [/acim/fonts/lato/Lato-Reg-webfont.ttf] in DispatcherServlet with name 'acim']
[2017-11-29 10:50:27.239] -- [WARN] -- [http-8080-4 >>>> DispatcherServlet.java:1136 >>>> Method = noHandlerFound] -- [Content = No mapping found for HTTP request with URI [/acim/fonts/lato/Lato-Bol-webfont.ttf] in DispatcherServlet with name 'acim']
[2017-11-29 10:50:29.829] -- [WARN] -- [http-8080-4 >>>> DispatcherServlet.java:1136 >>>> Method = noHandlerFound] -- [Content = No mapping found for HTTP request with URI [/acim/userLoginContraller/sysUserController/userLoginGo] in DispatcherServlet with name 'acim']
[2017-11-29 10:52:09.061] -- [INFO] -- [main >>>> ContextLoader.java:305 >>>> Method = initWebApplicationContext] -- [Content = Root WebApplicationContext: initialization started]
[2017-11-29 10:52:09.193] -- [INFO] -- [main >>>> AbstractApplicationContext.java:578 >>>> Method = prepareRefresh] -- [Content = Refreshing Root WebApplicationContext: startup date [Wed Nov 29 10:52:09 CST 2017]; root of context hierarchy]
[2017-11-29 10:52:09.248] -- [INFO] -- [main >>>> XmlBeanDefinitionReader.java:317 >>>> Method = loadBeanDefinitions] -- [Content = Loading XML bean definitions from file [/Users/wenzixia/IdeaProjects/acim/target/classes/spring/applicationContext-dataSource.xml]]
[2017-11-29 10:52:09.481] -- [INFO] -- [main >>>> XmlBeanDefinitionReader.java:317 >>>> Method = loadBeanDefinitions] -- [Content = Loading XML bean definitions from file [/Users/wenzixia/IdeaProjects/acim/target/classes/spring/applicationContext-jdbc.xml]]
[2017-11-29 10:52:09.529] -- [INFO] -- [main >>>> XmlBeanDefinitionReader.java:317 >>>> Method = loadBeanDefinitions] -- [Content = Loading XML bean definitions from file [/Users/wenzixia/IdeaProjects/acim/target/classes/spring/applicationContext-jpa.xml]]
[2017-11-29 10:52:09.876] -- [INFO] -- [main >>>> XmlBeanDefinitionReader.java:317 >>>> Method = loadBeanDefinitions] -- [Content = Loading XML bean definitions from file [/Users/wenzixia/IdeaProjects/acim/target/classes/spring/applicationContext-transaction.xml]]
[2017-11-29 10:52:09.952] -- [INFO] -- [main >>>> XmlBeanDefinitionReader.java:317 >>>> Method = loadBeanDefinitions] -- [Content = Loading XML bean definitions from file [/Users/wenzixia/IdeaProjects/acim/target/classes/spring/applicationContext.xml]]
[2017-11-29 10:52:10.268] -- [INFO] -- [main >>>> PropertiesLoaderSupport.java:172 >>>> Method = loadProperties] -- [Content = Loading properties file from file [/Users/wenzixia/IdeaProjects/acim/target/classes/properties/config.properties]]
[2017-11-29 10:52:10.309] -- [INFO] -- [main >>>> AutowiredAnnotationBeanPostProcessor.java:153 >>>> Method = <init>] -- [Content = JSR-330 'javax.inject.Inject' annotation found and supported for autowiring]
[2017-11-29 10:52:11.700] -- [INFO] -- [main >>>> LocalContainerEntityManagerFactoryBean.java:339 >>>> Method = createNativeEntityManagerFactory] -- [Content = Building JPA container EntityManagerFactory for persistence unit 'jpaXml']
[2017-11-29 10:52:12.800] -- [WARN] -- [main >>>> ConfigurationFactory.java:136 >>>> Method = parseConfiguration] -- [Content = No configuration found. Configuring ehcache from ehcache-failsafe.xml  found in the classpath: jar:file:/Users/wenzixia/apache-maven-3.5.0/repository/net/sf/ehcache/ehcache/2.10.0/ehcache-2.10.0.jar!/ehcache-failsafe.xml]
[2017-11-29 10:52:14.786] -- [INFO] -- [main >>>> ContextLoader.java:345 >>>> Method = initWebApplicationContext] -- [Content = Root WebApplicationContext: initialization completed in 5716 ms]
[2017-11-29 10:52:14.842] -- [INFO] -- [main >>>> FrameworkServlet.java:488 >>>> Method = initServletBean] -- [Content = FrameworkServlet 'acim': initialization started]
[2017-11-29 10:52:14.849] -- [INFO] -- [main >>>> AbstractApplicationContext.java:578 >>>> Method = prepareRefresh] -- [Content = Refreshing WebApplicationContext for namespace 'acim-servlet': startup date [Wed Nov 29 10:52:14 CST 2017]; parent: Root WebApplicationContext]
[2017-11-29 10:52:14.850] -- [INFO] -- [main >>>> XmlBeanDefinitionReader.java:317 >>>> Method = loadBeanDefinitions] -- [Content = Loading XML bean definitions from class path resource [spring/spring-mvc.xml]]
[2017-11-29 10:52:15.030] -- [INFO] -- [main >>>> AutowiredAnnotationBeanPostProcessor.java:153 >>>> Method = <init>] -- [Content = JSR-330 'javax.inject.Inject' annotation found and supported for autowiring]
[2017-11-29 10:52:15.444] -- [INFO] -- [main >>>> AbstractHandlerMethodMapping.java:534 >>>> Method = register] -- [Content = Mapped "{[/userLoginContraller/login]}" onto public java.lang.String com.wz.module.system.controller.LoginContraller.login()]
[2017-11-29 10:52:15.447] -- [INFO] -- [main >>>> AbstractHandlerMethodMapping.java:534 >>>> Method = register] -- [Content = Mapped "{[/userLoginContraller/userLoginGo],methods=[POST]}" onto public java.util.Map<java.lang.String, java.lang.String> com.wz.module.system.controller.LoginContraller.userLoginGo(com.wz.module.system.pojo.SysUser)]
[2017-11-29 10:52:15.447] -- [INFO] -- [main >>>> AbstractHandlerMethodMapping.java:534 >>>> Method = register] -- [Content = Mapped "{[/userLoginContraller/success]}" onto public java.lang.String com.wz.module.system.controller.LoginContraller.loginSucess()]
[2017-11-29 10:52:15.453] -- [INFO] -- [main >>>> AbstractHandlerMethodMapping.java:534 >>>> Method = register] -- [Content = Mapped "{[/sysUserController/showUserToJSONById.do/{userId}]}" onto public com.wz.module.system.pojo.SysUser com.wz.module.system.controller.SysUserController.showUser(java.lang.Long)]
[2017-11-29 10:52:15.454] -- [INFO] -- [main >>>> AbstractHandlerMethodMapping.java:534 >>>> Method = register] -- [Content = Mapped "{[/sysUserController/showUserToJspById.do/{userId}]}" onto public java.lang.String com.wz.module.system.controller.SysUserController.showUser(org.springframework.ui.Model,java.lang.Long)]
[2017-11-29 10:52:15.455] -- [INFO] -- [main >>>> AbstractHandlerMethodMapping.java:534 >>>> Method = register] -- [Content = Mapped "{[/sysUserController/save-user],methods=[POST]}" onto public com.wz.module.system.pojo.SysUser com.wz.module.system.controller.SysUserController.saveUser(com.wz.module.system.pojo.SysUser)]
[2017-11-29 10:52:15.456] -- [INFO] -- [main >>>> AbstractHandlerMethodMapping.java:534 >>>> Method = register] -- [Content = Mapped "{[/sysUserController/test-logback]}" onto public java.util.Date com.wz.module.system.controller.SysUserController.testLogback()]
[2017-11-29 10:52:15.456] -- [INFO] -- [main >>>> AbstractHandlerMethodMapping.java:534 >>>> Method = register] -- [Content = Mapped "{[/sysUserController/test-ehcache]}" onto public java.util.List<com.wz.module.system.pojo.SysUser> com.wz.module.system.controller.SysUserController.findEhcache()]
[2017-11-29 10:52:15.457] -- [INFO] -- [main >>>> AbstractHandlerMethodMapping.java:534 >>>> Method = register] -- [Content = Mapped "{[/sysUserController/test-no-ehcache/{userId}]}" onto public com.wz.module.system.pojo.SysUser com.wz.module.system.controller.SysUserController.findNoEhcache(java.lang.Long)]
[2017-11-29 10:52:16.097] -- [INFO] -- [main >>>> RequestMappingHandlerAdapter.java:532 >>>> Method = initControllerAdviceCache] -- [Content = Looking for @ControllerAdvice: WebApplicationContext for namespace 'acim-servlet': startup date [Wed Nov 29 10:52:14 CST 2017]; parent: Root WebApplicationContext]
[2017-11-29 10:52:16.186] -- [INFO] -- [main >>>> RequestMappingHandlerAdapter.java:532 >>>> Method = initControllerAdviceCache] -- [Content = Looking for @ControllerAdvice: WebApplicationContext for namespace 'acim-servlet': startup date [Wed Nov 29 10:52:14 CST 2017]; parent: Root WebApplicationContext]
[2017-11-29 10:52:16.286] -- [INFO] -- [main >>>> AbstractUrlHandlerMapping.java:341 >>>> Method = registerHandler] -- [Content = Mapped URL path [/css/**] onto handler 'org.springframework.web.servlet.resource.ResourceHttpRequestHandler#0']
[2017-11-29 10:52:16.291] -- [INFO] -- [main >>>> AbstractUrlHandlerMapping.java:341 >>>> Method = registerHandler] -- [Content = Mapped URL path [/css_wz/**] onto handler 'org.springframework.web.servlet.resource.ResourceHttpRequestHandler#1']
[2017-11-29 10:52:16.294] -- [INFO] -- [main >>>> AbstractUrlHandlerMapping.java:341 >>>> Method = registerHandler] -- [Content = Mapped URL path [/js/**] onto handler 'org.springframework.web.servlet.resource.ResourceHttpRequestHandler#2']
[2017-11-29 10:52:16.298] -- [INFO] -- [main >>>> AbstractUrlHandlerMapping.java:341 >>>> Method = registerHandler] -- [Content = Mapped URL path [/images/**] onto handler 'org.springframework.web.servlet.resource.ResourceHttpRequestHandler#3']
[2017-11-29 10:52:16.301] -- [INFO] -- [main >>>> AbstractUrlHandlerMapping.java:341 >>>> Method = registerHandler] -- [Content = Mapped URL path [/images_wz/**] onto handler 'org.springframework.web.servlet.resource.ResourceHttpRequestHandler#4']
[2017-11-29 10:52:16.305] -- [INFO] -- [main >>>> AbstractUrlHandlerMapping.java:341 >>>> Method = registerHandler] -- [Content = Mapped URL path [/less/**] onto handler 'org.springframework.web.servlet.resource.ResourceHttpRequestHandler#5']
[2017-11-29 10:52:16.309] -- [INFO] -- [main >>>> AbstractUrlHandlerMapping.java:341 >>>> Method = registerHandler] -- [Content = Mapped URL path [/fonts/**] onto handler 'org.springframework.web.servlet.resource.ResourceHttpRequestHandler#6']
[2017-11-29 10:52:16.318] -- [INFO] -- [main >>>> AbstractUrlHandlerMapping.java:341 >>>> Method = registerHandler] -- [Content = Mapped URL path [/images_wz/**] onto handler 'org.springframework.web.servlet.resource.ResourceHttpRequestHandler#7']
[2017-11-29 10:52:16.761] -- [INFO] -- [main >>>> FrameworkServlet.java:507 >>>> Method = initServletBean] -- [Content = FrameworkServlet 'acim': initialization completed in 1918 ms]
[2017-11-29 10:54:10.728] -- [INFO] -- [http-8080-1 >>>> LogAspect.java:34 >>>> Method = logBefore] -- [Content = ================== Controller 日志记录 start ===================]
[2017-11-29 10:54:10.729] -- [INFO] -- [http-8080-1 >>>> LogAspect.java:35 >>>> Method = logBefore] -- [Content = 1.当前访问的类为：com.wz.module.system.controller.LoginContraller@17f4e3c6]
[2017-11-29 10:54:10.730] -- [INFO] -- [http-8080-1 >>>> LogAspect.java:36 >>>> Method = logBefore] -- [Content = 2.调用的方法开始：login]
[2017-11-29 10:54:10.731] -- [INFO] -- [http-8080-1 >>>> LogAspect.java:39 >>>> Method = logBefore] -- [Content = login 方法没有参数]
[2017-11-29 10:54:10.731] -- [INFO] -- [http-8080-1 >>>> LogAspect.java:48 >>>> Method = logBefore] -- [Content = /////////////////////////////////////\\\\\\\\\\\\\\\\\\\\\\\\\\\\\\\\\\\\\]
[2017-11-29 10:54:10.738] -- [INFO] -- [http-8080-1 >>>> LogAspect.java:54 >>>> Method = logAfter] -- [Content = \\\\\\\\\\\\\\\\\\\\\\\\\\\\\\\\\\\\\/////////////////////////////////////]
[2017-11-29 10:54:10.738] -- [INFO] -- [http-8080-1 >>>> LogAspect.java:57 >>>> Method = logAfter] -- [Content = 3.共花费时间：10 毫秒]
[2017-11-29 10:54:10.739] -- [INFO] -- [http-8080-1 >>>> LogAspect.java:64 >>>> Method = logAfter] -- [Content = ================== Controller 日志记录 End ===================]
[2017-11-29 10:54:10.926] -- [WARN] -- [http-8080-1 >>>> StandardJavaScriptSerializer.java:600 >>>> Method = handleErrorLoggingOnJacksonInitialization] -- [Content = [THYMELEAF] Could not initialize Jackson-based serializer even if the Jackson library was detected to be present at the classpath. Please make sure you are adding the jackson-databind module to your classpath, and that version is >= 2.5.0. THYMELEAF INITIALIZATION WILL CONTINUE, but Jackson will not be used for JavaScript serialization. Set the log to DEBUG to see a complete exception trace. Exception message is: com.fasterxml.jackson.databind.ObjectMapper.disable([Lcom/fasterxml/jackson/core/JsonGenerator$Feature;)Lcom/fasterxml/jackson/databind/ObjectMapper;]
[2017-11-29 10:54:58.748] -- [WARN] -- [http-8080-1 >>>> DispatcherServlet.java:1136 >>>> Method = noHandlerFound] -- [Content = No mapping found for HTTP request with URI [/acim/userLoginContraller/sysUserController/userLoginGo] in DispatcherServlet with name 'acim']
[2017-11-29 10:55:35.101] -- [INFO] -- [http-8080-1 >>>> LogAspect.java:34 >>>> Method = logBefore] -- [Content = ================== Controller 日志记录 start ===================]
[2017-11-29 10:55:35.102] -- [INFO] -- [http-8080-1 >>>> LogAspect.java:35 >>>> Method = logBefore] -- [Content = 1.当前访问的类为：com.wz.module.system.controller.LoginContraller@17f4e3c6]
[2017-11-29 10:55:35.102] -- [INFO] -- [http-8080-1 >>>> LogAspect.java:36 >>>> Method = logBefore] -- [Content = 2.调用的方法开始：login]
[2017-11-29 10:55:35.103] -- [INFO] -- [http-8080-1 >>>> LogAspect.java:39 >>>> Method = logBefore] -- [Content = login 方法没有参数]
[2017-11-29 10:55:35.103] -- [INFO] -- [http-8080-1 >>>> LogAspect.java:48 >>>> Method = logBefore] -- [Content = /////////////////////////////////////\\\\\\\\\\\\\\\\\\\\\\\\\\\\\\\\\\\\\]
[2017-11-29 10:55:35.103] -- [INFO] -- [http-8080-1 >>>> LogAspect.java:54 >>>> Method = logAfter] -- [Content = \\\\\\\\\\\\\\\\\\\\\\\\\\\\\\\\\\\\\/////////////////////////////////////]
[2017-11-29 10:55:35.103] -- [INFO] -- [http-8080-1 >>>> LogAspect.java:57 >>>> Method = logAfter] -- [Content = 3.共花费时间：2 毫秒]
[2017-11-29 10:55:35.104] -- [INFO] -- [http-8080-1 >>>> LogAspect.java:64 >>>> Method = logAfter] -- [Content = ================== Controller 日志记录 End ===================]
[2017-11-29 10:55:37.584] -- [WARN] -- [http-8080-1 >>>> DispatcherServlet.java:1136 >>>> Method = noHandlerFound] -- [Content = No mapping found for HTTP request with URI [/acim/userLoginContraller/sysUserController/userLoginGo] in DispatcherServlet with name 'acim']
[2017-11-29 10:55:43.337] -- [WARN] -- [http-8080-1 >>>> DispatcherServlet.java:1136 >>>> Method = noHandlerFound] -- [Content = No mapping found for HTTP request with URI [/acim/userLoginContraller/sysUserController/userLoginGo] in DispatcherServlet with name 'acim']
[2017-11-29 10:55:45.227] -- [INFO] -- [http-8080-1 >>>> LogAspect.java:34 >>>> Method = logBefore] -- [Content = ================== Controller 日志记录 start ===================]
[2017-11-29 10:55:45.227] -- [INFO] -- [http-8080-1 >>>> LogAspect.java:35 >>>> Method = logBefore] -- [Content = 1.当前访问的类为：com.wz.module.system.controller.LoginContraller@17f4e3c6]
[2017-11-29 10:55:45.228] -- [INFO] -- [http-8080-1 >>>> LogAspect.java:36 >>>> Method = logBefore] -- [Content = 2.调用的方法开始：login]
[2017-11-29 10:55:45.229] -- [INFO] -- [http-8080-1 >>>> LogAspect.java:39 >>>> Method = logBefore] -- [Content = login 方法没有参数]
[2017-11-29 10:55:45.229] -- [INFO] -- [http-8080-1 >>>> LogAspect.java:48 >>>> Method = logBefore] -- [Content = /////////////////////////////////////\\\\\\\\\\\\\\\\\\\\\\\\\\\\\\\\\\\\\]
[2017-11-29 10:55:45.230] -- [INFO] -- [http-8080-1 >>>> LogAspect.java:54 >>>> Method = logAfter] -- [Content = \\\\\\\\\\\\\\\\\\\\\\\\\\\\\\\\\\\\\/////////////////////////////////////]
[2017-11-29 10:55:45.230] -- [INFO] -- [http-8080-1 >>>> LogAspect.java:57 >>>> Method = logAfter] -- [Content = 3.共花费时间：3 毫秒]
[2017-11-29 10:55:45.232] -- [INFO] -- [http-8080-1 >>>> LogAspect.java:64 >>>> Method = logAfter] -- [Content = ================== Controller 日志记录 End ===================]
[2017-11-29 10:55:47.749] -- [WARN] -- [http-8080-1 >>>> DispatcherServlet.java:1136 >>>> Method = noHandlerFound] -- [Content = No mapping found for HTTP request with URI [/acim/userLoginContraller/sysUserController/userLoginGo] in DispatcherServlet with name 'acim']
[2017-11-29 10:56:16.689] -- [INFO] -- [http-8080-1 >>>> LogAspect.java:34 >>>> Method = logBefore] -- [Content = ================== Controller 日志记录 start ===================]
[2017-11-29 10:56:16.690] -- [INFO] -- [http-8080-1 >>>> LogAspect.java:35 >>>> Method = logBefore] -- [Content = 1.当前访问的类为：com.wz.module.system.controller.LoginContraller@17f4e3c6]
[2017-11-29 10:56:16.690] -- [INFO] -- [http-8080-1 >>>> LogAspect.java:36 >>>> Method = logBefore] -- [Content = 2.调用的方法开始：login]
[2017-11-29 10:56:16.691] -- [INFO] -- [http-8080-1 >>>> LogAspect.java:39 >>>> Method = logBefore] -- [Content = login 方法没有参数]
[2017-11-29 10:56:16.691] -- [INFO] -- [http-8080-1 >>>> LogAspect.java:48 >>>> Method = logBefore] -- [Content = /////////////////////////////////////\\\\\\\\\\\\\\\\\\\\\\\\\\\\\\\\\\\\\]
[2017-11-29 10:56:16.691] -- [INFO] -- [http-8080-1 >>>> LogAspect.java:54 >>>> Method = logAfter] -- [Content = \\\\\\\\\\\\\\\\\\\\\\\\\\\\\\\\\\\\\/////////////////////////////////////]
[2017-11-29 10:56:16.692] -- [INFO] -- [http-8080-1 >>>> LogAspect.java:57 >>>> Method = logAfter] -- [Content = 3.共花费时间：3 毫秒]
[2017-11-29 10:56:16.692] -- [INFO] -- [http-8080-1 >>>> LogAspect.java:64 >>>> Method = logAfter] -- [Content = ================== Controller 日志记录 End ===================]
[2017-11-29 10:56:18.869] -- [INFO] -- [http-8080-1 >>>> LogAspect.java:34 >>>> Method = logBefore] -- [Content = ================== Controller 日志记录 start ===================]
[2017-11-29 10:56:18.870] -- [INFO] -- [http-8080-1 >>>> LogAspect.java:35 >>>> Method = logBefore] -- [Content = 1.当前访问的类为：com.wz.module.system.controller.LoginContraller@17f4e3c6]
[2017-11-29 10:56:18.871] -- [INFO] -- [http-8080-1 >>>> LogAspect.java:36 >>>> Method = logBefore] -- [Content = 2.调用的方法开始：login]
[2017-11-29 10:56:18.871] -- [INFO] -- [http-8080-1 >>>> LogAspect.java:39 >>>> Method = logBefore] -- [Content = login 方法没有参数]
[2017-11-29 10:56:18.871] -- [INFO] -- [http-8080-1 >>>> LogAspect.java:48 >>>> Method = logBefore] -- [Content = /////////////////////////////////////\\\\\\\\\\\\\\\\\\\\\\\\\\\\\\\\\\\\\]
[2017-11-29 10:56:18.872] -- [INFO] -- [http-8080-1 >>>> LogAspect.java:54 >>>> Method = logAfter] -- [Content = \\\\\\\\\\\\\\\\\\\\\\\\\\\\\\\\\\\\\/////////////////////////////////////]
[2017-11-29 10:56:18.872] -- [INFO] -- [http-8080-1 >>>> LogAspect.java:57 >>>> Method = logAfter] -- [Content = 3.共花费时间：3 毫秒]
[2017-11-29 10:56:18.873] -- [INFO] -- [http-8080-1 >>>> LogAspect.java:64 >>>> Method = logAfter] -- [Content = ================== Controller 日志记录 End ===================]
[2017-11-29 10:56:21.218] -- [WARN] -- [http-8080-1 >>>> DispatcherServlet.java:1136 >>>> Method = noHandlerFound] -- [Content = No mapping found for HTTP request with URI [/acim/userLoginContraller/sysUserController/userLoginGo] in DispatcherServlet with name 'acim']
[2017-11-29 10:56:40.275] -- [INFO] -- [main >>>> ContextLoader.java:305 >>>> Method = initWebApplicationContext] -- [Content = Root WebApplicationContext: initialization started]
[2017-11-29 10:56:40.363] -- [INFO] -- [main >>>> AbstractApplicationContext.java:578 >>>> Method = prepareRefresh] -- [Content = Refreshing Root WebApplicationContext: startup date [Wed Nov 29 10:56:40 CST 2017]; root of context hierarchy]
[2017-11-29 10:56:40.404] -- [INFO] -- [main >>>> XmlBeanDefinitionReader.java:317 >>>> Method = loadBeanDefinitions] -- [Content = Loading XML bean definitions from file [/Users/wenzixia/IdeaProjects/acim/target/classes/spring/applicationContext-dataSource.xml]]
[2017-11-29 10:56:40.565] -- [INFO] -- [main >>>> XmlBeanDefinitionReader.java:317 >>>> Method = loadBeanDefinitions] -- [Content = Loading XML bean definitions from file [/Users/wenzixia/IdeaProjects/acim/target/classes/spring/applicationContext-jdbc.xml]]
[2017-11-29 10:56:40.611] -- [INFO] -- [main >>>> XmlBeanDefinitionReader.java:317 >>>> Method = loadBeanDefinitions] -- [Content = Loading XML bean definitions from file [/Users/wenzixia/IdeaProjects/acim/target/classes/spring/applicationContext-jpa.xml]]
[2017-11-29 10:56:40.892] -- [INFO] -- [main >>>> XmlBeanDefinitionReader.java:317 >>>> Method = loadBeanDefinitions] -- [Content = Loading XML bean definitions from file [/Users/wenzixia/IdeaProjects/acim/target/classes/spring/applicationContext-transaction.xml]]
[2017-11-29 10:56:40.953] -- [INFO] -- [main >>>> XmlBeanDefinitionReader.java:317 >>>> Method = loadBeanDefinitions] -- [Content = Loading XML bean definitions from file [/Users/wenzixia/IdeaProjects/acim/target/classes/spring/applicationContext.xml]]
[2017-11-29 10:56:41.213] -- [INFO] -- [main >>>> PropertiesLoaderSupport.java:172 >>>> Method = loadProperties] -- [Content = Loading properties file from file [/Users/wenzixia/IdeaProjects/acim/target/classes/properties/config.properties]]
[2017-11-29 10:56:41.250] -- [INFO] -- [main >>>> AutowiredAnnotationBeanPostProcessor.java:153 >>>> Method = <init>] -- [Content = JSR-330 'javax.inject.Inject' annotation found and supported for autowiring]
[2017-11-29 10:56:42.567] -- [INFO] -- [main >>>> LocalContainerEntityManagerFactoryBean.java:339 >>>> Method = createNativeEntityManagerFactory] -- [Content = Building JPA container EntityManagerFactory for persistence unit 'jpaXml']
[2017-11-29 10:56:43.433] -- [WARN] -- [main >>>> ConfigurationFactory.java:136 >>>> Method = parseConfiguration] -- [Content = No configuration found. Configuring ehcache from ehcache-failsafe.xml  found in the classpath: jar:file:/Users/wenzixia/apache-maven-3.5.0/repository/net/sf/ehcache/ehcache/2.10.0/ehcache-2.10.0.jar!/ehcache-failsafe.xml]
[2017-11-29 10:56:45.466] -- [INFO] -- [main >>>> ContextLoader.java:345 >>>> Method = initWebApplicationContext] -- [Content = Root WebApplicationContext: initialization completed in 5188 ms]
[2017-11-29 10:56:45.531] -- [INFO] -- [main >>>> FrameworkServlet.java:488 >>>> Method = initServletBean] -- [Content = FrameworkServlet 'acim': initialization started]
[2017-11-29 10:56:45.536] -- [INFO] -- [main >>>> AbstractApplicationContext.java:578 >>>> Method = prepareRefresh] -- [Content = Refreshing WebApplicationContext for namespace 'acim-servlet': startup date [Wed Nov 29 10:56:45 CST 2017]; parent: Root WebApplicationContext]
[2017-11-29 10:56:45.538] -- [INFO] -- [main >>>> XmlBeanDefinitionReader.java:317 >>>> Method = loadBeanDefinitions] -- [Content = Loading XML bean definitions from class path resource [spring/spring-mvc.xml]]
[2017-11-29 10:56:45.865] -- [INFO] -- [main >>>> AutowiredAnnotationBeanPostProcessor.java:153 >>>> Method = <init>] -- [Content = JSR-330 'javax.inject.Inject' annotation found and supported for autowiring]
[2017-11-29 10:56:46.276] -- [INFO] -- [main >>>> AbstractHandlerMethodMapping.java:534 >>>> Method = register] -- [Content = Mapped "{[/userLoginContraller/login]}" onto public java.lang.String com.wz.module.system.controller.LoginContraller.login()]
[2017-11-29 10:56:46.279] -- [INFO] -- [main >>>> AbstractHandlerMethodMapping.java:534 >>>> Method = register] -- [Content = Mapped "{[/userLoginContraller/userLoginGo],methods=[POST]}" onto public java.util.Map<java.lang.String, java.lang.String> com.wz.module.system.controller.LoginContraller.userLoginGo(com.wz.module.system.pojo.SysUser)]
[2017-11-29 10:56:46.280] -- [INFO] -- [main >>>> AbstractHandlerMethodMapping.java:534 >>>> Method = register] -- [Content = Mapped "{[/userLoginContraller/success]}" onto public java.lang.String com.wz.module.system.controller.LoginContraller.loginSucess()]
[2017-11-29 10:56:46.285] -- [INFO] -- [main >>>> AbstractHandlerMethodMapping.java:534 >>>> Method = register] -- [Content = Mapped "{[/sysUserController/showUserToJspById.do/{userId}]}" onto public java.lang.String com.wz.module.system.controller.SysUserController.showUser(org.springframework.ui.Model,java.lang.Long)]
[2017-11-29 10:56:46.287] -- [INFO] -- [main >>>> AbstractHandlerMethodMapping.java:534 >>>> Method = register] -- [Content = Mapped "{[/sysUserController/showUserToJSONById.do/{userId}]}" onto public com.wz.module.system.pojo.SysUser com.wz.module.system.controller.SysUserController.showUser(java.lang.Long)]
[2017-11-29 10:56:46.288] -- [INFO] -- [main >>>> AbstractHandlerMethodMapping.java:534 >>>> Method = register] -- [Content = Mapped "{[/sysUserController/test-logback]}" onto public java.util.Date com.wz.module.system.controller.SysUserController.testLogback()]
[2017-11-29 10:56:46.289] -- [INFO] -- [main >>>> AbstractHandlerMethodMapping.java:534 >>>> Method = register] -- [Content = Mapped "{[/sysUserController/save-user],methods=[POST]}" onto public com.wz.module.system.pojo.SysUser com.wz.module.system.controller.SysUserController.saveUser(com.wz.module.system.pojo.SysUser)]
[2017-11-29 10:56:46.289] -- [INFO] -- [main >>>> AbstractHandlerMethodMapping.java:534 >>>> Method = register] -- [Content = Mapped "{[/sysUserController/test-ehcache]}" onto public java.util.List<com.wz.module.system.pojo.SysUser> com.wz.module.system.controller.SysUserController.findEhcache()]
[2017-11-29 10:56:46.290] -- [INFO] -- [main >>>> AbstractHandlerMethodMapping.java:534 >>>> Method = register] -- [Content = Mapped "{[/sysUserController/test-no-ehcache/{userId}]}" onto public com.wz.module.system.pojo.SysUser com.wz.module.system.controller.SysUserController.findNoEhcache(java.lang.Long)]
[2017-11-29 10:56:47.019] -- [INFO] -- [main >>>> RequestMappingHandlerAdapter.java:532 >>>> Method = initControllerAdviceCache] -- [Content = Looking for @ControllerAdvice: WebApplicationContext for namespace 'acim-servlet': startup date [Wed Nov 29 10:56:45 CST 2017]; parent: Root WebApplicationContext]
[2017-11-29 10:56:47.128] -- [INFO] -- [main >>>> RequestMappingHandlerAdapter.java:532 >>>> Method = initControllerAdviceCache] -- [Content = Looking for @ControllerAdvice: WebApplicationContext for namespace 'acim-servlet': startup date [Wed Nov 29 10:56:45 CST 2017]; parent: Root WebApplicationContext]
[2017-11-29 10:56:47.273] -- [INFO] -- [main >>>> AbstractUrlHandlerMapping.java:341 >>>> Method = registerHandler] -- [Content = Mapped URL path [/css/**] onto handler 'org.springframework.web.servlet.resource.ResourceHttpRequestHandler#0']
[2017-11-29 10:56:47.284] -- [INFO] -- [main >>>> AbstractUrlHandlerMapping.java:341 >>>> Method = registerHandler] -- [Content = Mapped URL path [/css_wz/**] onto handler 'org.springframework.web.servlet.resource.ResourceHttpRequestHandler#1']
[2017-11-29 10:56:47.289] -- [INFO] -- [main >>>> AbstractUrlHandlerMapping.java:341 >>>> Method = registerHandler] -- [Content = Mapped URL path [/js/**] onto handler 'org.springframework.web.servlet.resource.ResourceHttpRequestHandler#2']
[2017-11-29 10:56:47.294] -- [INFO] -- [main >>>> AbstractUrlHandlerMapping.java:341 >>>> Method = registerHandler] -- [Content = Mapped URL path [/images/**] onto handler 'org.springframework.web.servlet.resource.ResourceHttpRequestHandler#3']
[2017-11-29 10:56:47.298] -- [INFO] -- [main >>>> AbstractUrlHandlerMapping.java:341 >>>> Method = registerHandler] -- [Content = Mapped URL path [/images_wz/**] onto handler 'org.springframework.web.servlet.resource.ResourceHttpRequestHandler#4']
[2017-11-29 10:56:47.304] -- [INFO] -- [main >>>> AbstractUrlHandlerMapping.java:341 >>>> Method = registerHandler] -- [Content = Mapped URL path [/less/**] onto handler 'org.springframework.web.servlet.resource.ResourceHttpRequestHandler#5']
[2017-11-29 10:56:47.310] -- [INFO] -- [main >>>> AbstractUrlHandlerMapping.java:341 >>>> Method = registerHandler] -- [Content = Mapped URL path [/fonts/**] onto handler 'org.springframework.web.servlet.resource.ResourceHttpRequestHandler#6']
[2017-11-29 10:56:47.315] -- [INFO] -- [main >>>> AbstractUrlHandlerMapping.java:341 >>>> Method = registerHandler] -- [Content = Mapped URL path [/images_wz/**] onto handler 'org.springframework.web.servlet.resource.ResourceHttpRequestHandler#7']
[2017-11-29 10:56:47.723] -- [INFO] -- [main >>>> FrameworkServlet.java:507 >>>> Method = initServletBean] -- [Content = FrameworkServlet 'acim': initialization completed in 2192 ms]
[2017-11-29 10:56:52.661] -- [INFO] -- [http-8080-1 >>>> LogAspect.java:34 >>>> Method = logBefore] -- [Content = ================== Controller 日志记录 start ===================]
[2017-11-29 10:56:52.662] -- [INFO] -- [http-8080-1 >>>> LogAspect.java:35 >>>> Method = logBefore] -- [Content = 1.当前访问的类为：com.wz.module.system.controller.LoginContraller@4918e15a]
[2017-11-29 10:56:52.662] -- [INFO] -- [http-8080-1 >>>> LogAspect.java:36 >>>> Method = logBefore] -- [Content = 2.调用的方法开始：login]
[2017-11-29 10:56:52.662] -- [INFO] -- [http-8080-1 >>>> LogAspect.java:39 >>>> Method = logBefore] -- [Content = login 方法没有参数]
[2017-11-29 10:56:52.663] -- [INFO] -- [http-8080-1 >>>> LogAspect.java:48 >>>> Method = logBefore] -- [Content = /////////////////////////////////////\\\\\\\\\\\\\\\\\\\\\\\\\\\\\\\\\\\\\]
[2017-11-29 10:56:52.667] -- [INFO] -- [http-8080-1 >>>> LogAspect.java:54 >>>> Method = logAfter] -- [Content = \\\\\\\\\\\\\\\\\\\\\\\\\\\\\\\\\\\\\/////////////////////////////////////]
[2017-11-29 10:56:52.668] -- [INFO] -- [http-8080-1 >>>> LogAspect.java:57 >>>> Method = logAfter] -- [Content = 3.共花费时间：7 毫秒]
[2017-11-29 10:56:52.668] -- [INFO] -- [http-8080-1 >>>> LogAspect.java:64 >>>> Method = logAfter] -- [Content = ================== Controller 日志记录 End ===================]
[2017-11-29 10:56:52.840] -- [WARN] -- [http-8080-1 >>>> StandardJavaScriptSerializer.java:600 >>>> Method = handleErrorLoggingOnJacksonInitialization] -- [Content = [THYMELEAF] Could not initialize Jackson-based serializer even if the Jackson library was detected to be present at the classpath. Please make sure you are adding the jackson-databind module to your classpath, and that version is >= 2.5.0. THYMELEAF INITIALIZATION WILL CONTINUE, but Jackson will not be used for JavaScript serialization. Set the log to DEBUG to see a complete exception trace. Exception message is: com.fasterxml.jackson.databind.ObjectMapper.disable([Lcom/fasterxml/jackson/core/JsonGenerator$Feature;)Lcom/fasterxml/jackson/databind/ObjectMapper;]
[2017-11-29 10:56:58.860] -- [WARN] -- [http-8080-1 >>>> DispatcherServlet.java:1136 >>>> Method = noHandlerFound] -- [Content = No mapping found for HTTP request with URI [/acim/userLoginContraller/sysUserController/userLoginGo] in DispatcherServlet with name 'acim']
[2017-11-29 10:57:02.066] -- [WARN] -- [http-8080-1 >>>> DispatcherServlet.java:1136 >>>> Method = noHandlerFound] -- [Content = No mapping found for HTTP request with URI [/acim/userLoginContraller/sysUserController/userLoginGo] in DispatcherServlet with name 'acim']
[2017-11-29 10:57:39.526] -- [INFO] -- [main >>>> ContextLoader.java:305 >>>> Method = initWebApplicationContext] -- [Content = Root WebApplicationContext: initialization started]
[2017-11-29 10:57:39.869] -- [INFO] -- [main >>>> AbstractApplicationContext.java:578 >>>> Method = prepareRefresh] -- [Content = Refreshing Root WebApplicationContext: startup date [Wed Nov 29 10:57:39 CST 2017]; root of context hierarchy]
[2017-11-29 10:57:39.931] -- [INFO] -- [main >>>> XmlBeanDefinitionReader.java:317 >>>> Method = loadBeanDefinitions] -- [Content = Loading XML bean definitions from file [/Users/wenzixia/IdeaProjects/acim/target/classes/spring/applicationContext-dataSource.xml]]
[2017-11-29 10:57:40.072] -- [INFO] -- [main >>>> XmlBeanDefinitionReader.java:317 >>>> Method = loadBeanDefinitions] -- [Content = Loading XML bean definitions from file [/Users/wenzixia/IdeaProjects/acim/target/classes/spring/applicationContext-jdbc.xml]]
[2017-11-29 10:57:40.106] -- [INFO] -- [main >>>> XmlBeanDefinitionReader.java:317 >>>> Method = loadBeanDefinitions] -- [Content = Loading XML bean definitions from file [/Users/wenzixia/IdeaProjects/acim/target/classes/spring/applicationContext-jpa.xml]]
[2017-11-29 10:57:40.518] -- [INFO] -- [main >>>> XmlBeanDefinitionReader.java:317 >>>> Method = loadBeanDefinitions] -- [Content = Loading XML bean definitions from file [/Users/wenzixia/IdeaProjects/acim/target/classes/spring/applicationContext-transaction.xml]]
[2017-11-29 10:57:40.594] -- [INFO] -- [main >>>> XmlBeanDefinitionReader.java:317 >>>> Method = loadBeanDefinitions] -- [Content = Loading XML bean definitions from file [/Users/wenzixia/IdeaProjects/acim/target/classes/spring/applicationContext.xml]]
[2017-11-29 10:57:40.902] -- [INFO] -- [main >>>> PropertiesLoaderSupport.java:172 >>>> Method = loadProperties] -- [Content = Loading properties file from file [/Users/wenzixia/IdeaProjects/acim/target/classes/properties/config.properties]]
[2017-11-29 10:57:40.942] -- [INFO] -- [main >>>> AutowiredAnnotationBeanPostProcessor.java:153 >>>> Method = <init>] -- [Content = JSR-330 'javax.inject.Inject' annotation found and supported for autowiring]
[2017-11-29 10:57:42.327] -- [INFO] -- [main >>>> LocalContainerEntityManagerFactoryBean.java:339 >>>> Method = createNativeEntityManagerFactory] -- [Content = Building JPA container EntityManagerFactory for persistence unit 'jpaXml']
[2017-11-29 10:57:43.439] -- [WARN] -- [main >>>> ConfigurationFactory.java:136 >>>> Method = parseConfiguration] -- [Content = No configuration found. Configuring ehcache from ehcache-failsafe.xml  found in the classpath: jar:file:/Users/wenzixia/apache-maven-3.5.0/repository/net/sf/ehcache/ehcache/2.10.0/ehcache-2.10.0.jar!/ehcache-failsafe.xml]
[2017-11-29 10:57:46.377] -- [INFO] -- [main >>>> ContextLoader.java:345 >>>> Method = initWebApplicationContext] -- [Content = Root WebApplicationContext: initialization completed in 6846 ms]
[2017-11-29 10:57:46.458] -- [INFO] -- [main >>>> FrameworkServlet.java:488 >>>> Method = initServletBean] -- [Content = FrameworkServlet 'acim': initialization started]
[2017-11-29 10:57:46.466] -- [INFO] -- [main >>>> AbstractApplicationContext.java:578 >>>> Method = prepareRefresh] -- [Content = Refreshing WebApplicationContext for namespace 'acim-servlet': startup date [Wed Nov 29 10:57:46 CST 2017]; parent: Root WebApplicationContext]
[2017-11-29 10:57:46.469] -- [INFO] -- [main >>>> XmlBeanDefinitionReader.java:317 >>>> Method = loadBeanDefinitions] -- [Content = Loading XML bean definitions from class path resource [spring/spring-mvc.xml]]
[2017-11-29 10:57:47.124] -- [INFO] -- [main >>>> AutowiredAnnotationBeanPostProcessor.java:153 >>>> Method = <init>] -- [Content = JSR-330 'javax.inject.Inject' annotation found and supported for autowiring]
[2017-11-29 10:57:47.675] -- [INFO] -- [main >>>> AbstractHandlerMethodMapping.java:534 >>>> Method = register] -- [Content = Mapped "{[/userLoginContraller/userLoginGo],methods=[POST]}" onto public java.util.Map<java.lang.String, java.lang.String> com.wz.module.system.controller.LoginContraller.userLoginGo(com.wz.module.system.pojo.SysUser)]
[2017-11-29 10:57:47.686] -- [INFO] -- [main >>>> AbstractHandlerMethodMapping.java:534 >>>> Method = register] -- [Content = Mapped "{[/userLoginContraller/login]}" onto public java.lang.String com.wz.module.system.controller.LoginContraller.login()]
[2017-11-29 10:57:47.687] -- [INFO] -- [main >>>> AbstractHandlerMethodMapping.java:534 >>>> Method = register] -- [Content = Mapped "{[/userLoginContraller/success]}" onto public java.lang.String com.wz.module.system.controller.LoginContraller.loginSucess()]
[2017-11-29 10:57:47.703] -- [INFO] -- [main >>>> AbstractHandlerMethodMapping.java:534 >>>> Method = register] -- [Content = Mapped "{[/sysUserController/showUserToJspById.do/{userId}]}" onto public java.lang.String com.wz.module.system.controller.SysUserController.showUser(org.springframework.ui.Model,java.lang.Long)]
[2017-11-29 10:57:47.707] -- [INFO] -- [main >>>> AbstractHandlerMethodMapping.java:534 >>>> Method = register] -- [Content = Mapped "{[/sysUserController/showUserToJSONById.do/{userId}]}" onto public com.wz.module.system.pojo.SysUser com.wz.module.system.controller.SysUserController.showUser(java.lang.Long)]
[2017-11-29 10:57:47.708] -- [INFO] -- [main >>>> AbstractHandlerMethodMapping.java:534 >>>> Method = register] -- [Content = Mapped "{[/sysUserController/test-logback]}" onto public java.util.Date com.wz.module.system.controller.SysUserController.testLogback()]
[2017-11-29 10:57:47.709] -- [INFO] -- [main >>>> AbstractHandlerMethodMapping.java:534 >>>> Method = register] -- [Content = Mapped "{[/sysUserController/save-user],methods=[POST]}" onto public com.wz.module.system.pojo.SysUser com.wz.module.system.controller.SysUserController.saveUser(com.wz.module.system.pojo.SysUser)]
[2017-11-29 10:57:47.710] -- [INFO] -- [main >>>> AbstractHandlerMethodMapping.java:534 >>>> Method = register] -- [Content = Mapped "{[/sysUserController/test-ehcache]}" onto public java.util.List<com.wz.module.system.pojo.SysUser> com.wz.module.system.controller.SysUserController.findEhcache()]
[2017-11-29 10:57:47.713] -- [INFO] -- [main >>>> AbstractHandlerMethodMapping.java:534 >>>> Method = register] -- [Content = Mapped "{[/sysUserController/test-no-ehcache/{userId}]}" onto public com.wz.module.system.pojo.SysUser com.wz.module.system.controller.SysUserController.findNoEhcache(java.lang.Long)]
[2017-11-29 10:57:48.565] -- [INFO] -- [main >>>> RequestMappingHandlerAdapter.java:532 >>>> Method = initControllerAdviceCache] -- [Content = Looking for @ControllerAdvice: WebApplicationContext for namespace 'acim-servlet': startup date [Wed Nov 29 10:57:46 CST 2017]; parent: Root WebApplicationContext]
[2017-11-29 10:57:48.761] -- [INFO] -- [main >>>> RequestMappingHandlerAdapter.java:532 >>>> Method = initControllerAdviceCache] -- [Content = Looking for @ControllerAdvice: WebApplicationContext for namespace 'acim-servlet': startup date [Wed Nov 29 10:57:46 CST 2017]; parent: Root WebApplicationContext]
[2017-11-29 10:57:48.974] -- [INFO] -- [main >>>> AbstractUrlHandlerMapping.java:341 >>>> Method = registerHandler] -- [Content = Mapped URL path [/css/**] onto handler 'org.springframework.web.servlet.resource.ResourceHttpRequestHandler#0']
[2017-11-29 10:57:48.982] -- [INFO] -- [main >>>> AbstractUrlHandlerMapping.java:341 >>>> Method = registerHandler] -- [Content = Mapped URL path [/css_wz/**] onto handler 'org.springframework.web.servlet.resource.ResourceHttpRequestHandler#1']
[2017-11-29 10:57:48.989] -- [INFO] -- [main >>>> AbstractUrlHandlerMapping.java:341 >>>> Method = registerHandler] -- [Content = Mapped URL path [/js/**] onto handler 'org.springframework.web.servlet.resource.ResourceHttpRequestHandler#2']
[2017-11-29 10:57:48.997] -- [INFO] -- [main >>>> AbstractUrlHandlerMapping.java:341 >>>> Method = registerHandler] -- [Content = Mapped URL path [/images/**] onto handler 'org.springframework.web.servlet.resource.ResourceHttpRequestHandler#3']
[2017-11-29 10:57:49.005] -- [INFO] -- [main >>>> AbstractUrlHandlerMapping.java:341 >>>> Method = registerHandler] -- [Content = Mapped URL path [/images_wz/**] onto handler 'org.springframework.web.servlet.resource.ResourceHttpRequestHandler#4']
[2017-11-29 10:57:49.009] -- [INFO] -- [main >>>> AbstractUrlHandlerMapping.java:341 >>>> Method = registerHandler] -- [Content = Mapped URL path [/less/**] onto handler 'org.springframework.web.servlet.resource.ResourceHttpRequestHandler#5']
[2017-11-29 10:57:49.023] -- [INFO] -- [main >>>> AbstractUrlHandlerMapping.java:341 >>>> Method = registerHandler] -- [Content = Mapped URL path [/fonts/**] onto handler 'org.springframework.web.servlet.resource.ResourceHttpRequestHandler#6']
[2017-11-29 10:57:49.032] -- [INFO] -- [main >>>> AbstractUrlHandlerMapping.java:341 >>>> Method = registerHandler] -- [Content = Mapped URL path [/images_wz/**] onto handler 'org.springframework.web.servlet.resource.ResourceHttpRequestHandler#7']
[2017-11-29 10:57:49.235] -- [INFO] -- [main >>>> FrameworkServlet.java:507 >>>> Method = initServletBean] -- [Content = FrameworkServlet 'acim': initialization completed in 2776 ms]
[2017-11-29 10:57:57.436] -- [INFO] -- [http-8080-1 >>>> LogAspect.java:34 >>>> Method = logBefore] -- [Content = ================== Controller 日志记录 start ===================]
[2017-11-29 10:57:57.441] -- [INFO] -- [http-8080-1 >>>> LogAspect.java:35 >>>> Method = logBefore] -- [Content = 1.当前访问的类为：com.wz.module.system.controller.LoginContraller@23b15648]
[2017-11-29 10:57:57.441] -- [INFO] -- [http-8080-1 >>>> LogAspect.java:36 >>>> Method = logBefore] -- [Content = 2.调用的方法开始：login]
[2017-11-29 10:57:57.442] -- [INFO] -- [http-8080-1 >>>> LogAspect.java:39 >>>> Method = logBefore] -- [Content = login 方法没有参数]
[2017-11-29 10:57:57.442] -- [INFO] -- [http-8080-1 >>>> LogAspect.java:48 >>>> Method = logBefore] -- [Content = /////////////////////////////////////\\\\\\\\\\\\\\\\\\\\\\\\\\\\\\\\\\\\\]
[2017-11-29 10:57:57.448] -- [INFO] -- [http-8080-1 >>>> LogAspect.java:54 >>>> Method = logAfter] -- [Content = \\\\\\\\\\\\\\\\\\\\\\\\\\\\\\\\\\\\\/////////////////////////////////////]
[2017-11-29 10:57:57.450] -- [INFO] -- [http-8080-1 >>>> LogAspect.java:57 >>>> Method = logAfter] -- [Content = 3.共花费时间：14 毫秒]
[2017-11-29 10:57:57.450] -- [INFO] -- [http-8080-1 >>>> LogAspect.java:64 >>>> Method = logAfter] -- [Content = ================== Controller 日志记录 End ===================]
[2017-11-29 10:57:57.772] -- [WARN] -- [http-8080-1 >>>> StandardJavaScriptSerializer.java:600 >>>> Method = handleErrorLoggingOnJacksonInitialization] -- [Content = [THYMELEAF] Could not initialize Jackson-based serializer even if the Jackson library was detected to be present at the classpath. Please make sure you are adding the jackson-databind module to your classpath, and that version is >= 2.5.0. THYMELEAF INITIALIZATION WILL CONTINUE, but Jackson will not be used for JavaScript serialization. Set the log to DEBUG to see a complete exception trace. Exception message is: com.fasterxml.jackson.databind.ObjectMapper.disable([Lcom/fasterxml/jackson/core/JsonGenerator$Feature;)Lcom/fasterxml/jackson/databind/ObjectMapper;]
[2017-11-29 10:58:04.519] -- [WARN] -- [http-8080-1 >>>> DispatcherServlet.java:1136 >>>> Method = noHandlerFound] -- [Content = No mapping found for HTTP request with URI [/acim/userLoginContraller/sysUserController/userLoginGo] in DispatcherServlet with name 'acim']
