[2017-12-05 11:31:27.089] -- [INFO] -- [main >>>> ContextLoader.java:305 >>>> Method = initWebApplicationContext] -- [Content = Root WebApplicationContext: initialization started]
[2017-12-05 11:31:27.254] -- [INFO] -- [main >>>> AbstractApplicationContext.java:578 >>>> Method = prepareRefresh] -- [Content = Refreshing Root WebApplicationContext: startup date [Tue Dec 05 11:31:27 CST 2017]; root of context hierarchy]
[2017-12-05 11:31:27.335] -- [INFO] -- [main >>>> XmlBeanDefinitionReader.java:317 >>>> Method = loadBeanDefinitions] -- [Content = Loading XML bean definitions from file [/Users/wenzixia/IdeaProjects/acim/target/classes/spring/applicationContext-dataSource.xml]]
[2017-12-05 11:31:27.586] -- [INFO] -- [main >>>> XmlBeanDefinitionReader.java:317 >>>> Method = loadBeanDefinitions] -- [Content = Loading XML bean definitions from file [/Users/wenzixia/IdeaProjects/acim/target/classes/spring/applicationContext-jdbc.xml]]
[2017-12-05 11:31:27.610] -- [INFO] -- [main >>>> XmlBeanDefinitionReader.java:317 >>>> Method = loadBeanDefinitions] -- [Content = Loading XML bean definitions from file [/Users/wenzixia/IdeaProjects/acim/target/classes/spring/applicationContext-jpa.xml]]
[2017-12-05 11:31:28.108] -- [INFO] -- [main >>>> XmlBeanDefinitionReader.java:317 >>>> Method = loadBeanDefinitions] -- [Content = Loading XML bean definitions from file [/Users/wenzixia/IdeaProjects/acim/target/classes/spring/applicationContext-transaction.xml]]
[2017-12-05 11:31:28.208] -- [INFO] -- [main >>>> XmlBeanDefinitionReader.java:317 >>>> Method = loadBeanDefinitions] -- [Content = Loading XML bean definitions from file [/Users/wenzixia/IdeaProjects/acim/target/classes/spring/applicationContext.xml]]
[2017-12-05 11:31:28.551] -- [INFO] -- [main >>>> PropertiesLoaderSupport.java:172 >>>> Method = loadProperties] -- [Content = Loading properties file from file [/Users/wenzixia/IdeaProjects/acim/target/classes/properties/config.properties]]
[2017-12-05 11:31:28.605] -- [INFO] -- [main >>>> AutowiredAnnotationBeanPostProcessor.java:153 >>>> Method = <init>] -- [Content = JSR-330 'javax.inject.Inject' annotation found and supported for autowiring]
[2017-12-05 11:31:30.154] -- [INFO] -- [main >>>> LocalContainerEntityManagerFactoryBean.java:339 >>>> Method = createNativeEntityManagerFactory] -- [Content = Building JPA container EntityManagerFactory for persistence unit 'jpaXml']
[2017-12-05 11:31:32.733] -- [WARN] -- [main >>>> ConfigurationFactory.java:136 >>>> Method = parseConfiguration] -- [Content = No configuration found. Configuring ehcache from ehcache-failsafe.xml  found in the classpath: jar:file:/Users/wenzixia/apache-maven-3.5.0/repository/net/sf/ehcache/ehcache/2.10.0/ehcache-2.10.0.jar!/ehcache-failsafe.xml]
[2017-12-05 11:31:35.402] -- [INFO] -- [main >>>> ContextLoader.java:345 >>>> Method = initWebApplicationContext] -- [Content = Root WebApplicationContext: initialization completed in 8309 ms]
[2017-12-05 11:31:35.823] -- [INFO] -- [main >>>> FrameworkServlet.java:488 >>>> Method = initServletBean] -- [Content = FrameworkServlet 'acim': initialization started]
[2017-12-05 11:31:35.828] -- [INFO] -- [main >>>> AbstractApplicationContext.java:578 >>>> Method = prepareRefresh] -- [Content = Refreshing WebApplicationContext for namespace 'acim-servlet': startup date [Tue Dec 05 11:31:35 CST 2017]; parent: Root WebApplicationContext]
[2017-12-05 11:31:35.829] -- [INFO] -- [main >>>> XmlBeanDefinitionReader.java:317 >>>> Method = loadBeanDefinitions] -- [Content = Loading XML bean definitions from class path resource [spring/spring-mvc.xml]]
[2017-12-05 11:31:36.066] -- [INFO] -- [main >>>> AutowiredAnnotationBeanPostProcessor.java:153 >>>> Method = <init>] -- [Content = JSR-330 'javax.inject.Inject' annotation found and supported for autowiring]
[2017-12-05 11:31:36.546] -- [INFO] -- [main >>>> AbstractHandlerMethodMapping.java:534 >>>> Method = register] -- [Content = Mapped "{[/login]}" onto public java.lang.String com.wz.module.system.controller.LoginContraller.login()]
[2017-12-05 11:31:36.548] -- [INFO] -- [main >>>> AbstractHandlerMethodMapping.java:534 >>>> Method = register] -- [Content = Mapped "{[/logout]}" onto public java.lang.String com.wz.module.system.controller.LoginContraller.logout()]
[2017-12-05 11:31:36.550] -- [INFO] -- [main >>>> AbstractHandlerMethodMapping.java:534 >>>> Method = register] -- [Content = Mapped "{[/userLoginGo],methods=[POST]}" onto public java.util.Map<java.lang.String, java.lang.String> com.wz.module.system.controller.LoginContraller.userLoginGo(com.wz.module.system.pojo.SysUser)]
[2017-12-05 11:31:36.550] -- [INFO] -- [main >>>> AbstractHandlerMethodMapping.java:534 >>>> Method = register] -- [Content = Mapped "{[/success]}" onto public java.lang.String com.wz.module.system.controller.LoginContraller.successLogin()]
[2017-12-05 11:31:36.556] -- [INFO] -- [main >>>> AbstractHandlerMethodMapping.java:534 >>>> Method = register] -- [Content = Mapped "{[/sysUserController/showUserToJspById.do/{userId}]}" onto public java.lang.String com.wz.module.system.controller.SysUserController.showUser(org.springframework.ui.Model,java.lang.Long)]
[2017-12-05 11:31:36.557] -- [INFO] -- [main >>>> AbstractHandlerMethodMapping.java:534 >>>> Method = register] -- [Content = Mapped "{[/sysUserController/showUserToJSONById.do/{userId}]}" onto public com.wz.module.system.pojo.SysUser com.wz.module.system.controller.SysUserController.showUser(java.lang.Long)]
[2017-12-05 11:31:36.558] -- [INFO] -- [main >>>> AbstractHandlerMethodMapping.java:534 >>>> Method = register] -- [Content = Mapped "{[/sysUserController/test-logback]}" onto public java.util.Date com.wz.module.system.controller.SysUserController.testLogback()]
[2017-12-05 11:31:36.558] -- [INFO] -- [main >>>> AbstractHandlerMethodMapping.java:534 >>>> Method = register] -- [Content = Mapped "{[/sysUserController/save-user],methods=[POST]}" onto public com.wz.module.system.pojo.SysUser com.wz.module.system.controller.SysUserController.saveUser(com.wz.module.system.pojo.SysUser)]
[2017-12-05 11:31:36.559] -- [INFO] -- [main >>>> AbstractHandlerMethodMapping.java:534 >>>> Method = register] -- [Content = Mapped "{[/sysUserController/test-ehcache]}" onto public java.util.List<com.wz.module.system.pojo.SysUser> com.wz.module.system.controller.SysUserController.findEhcache()]
[2017-12-05 11:31:36.560] -- [INFO] -- [main >>>> AbstractHandlerMethodMapping.java:534 >>>> Method = register] -- [Content = Mapped "{[/sysUserController/test-no-ehcache/{userId}]}" onto public com.wz.module.system.pojo.SysUser com.wz.module.system.controller.SysUserController.findNoEhcache(java.lang.Long)]
[2017-12-05 11:31:36.562] -- [INFO] -- [main >>>> AbstractHandlerMethodMapping.java:534 >>>> Method = register] -- [Content = Mapped "{[/showAcim]}" onto public java.util.Map<java.lang.String, java.util.List<java.util.Map<java.lang.String, java.lang.String>>> com.wz.practices.miracles.controller.AcimController.showAcimData(com.wz.practices.miracles.pojo.Acim)]
[2017-12-05 11:31:37.311] -- [INFO] -- [main >>>> RequestMappingHandlerAdapter.java:532 >>>> Method = initControllerAdviceCache] -- [Content = Looking for @ControllerAdvice: WebApplicationContext for namespace 'acim-servlet': startup date [Tue Dec 05 11:31:35 CST 2017]; parent: Root WebApplicationContext]
[2017-12-05 11:31:37.404] -- [INFO] -- [main >>>> RequestMappingHandlerAdapter.java:532 >>>> Method = initControllerAdviceCache] -- [Content = Looking for @ControllerAdvice: WebApplicationContext for namespace 'acim-servlet': startup date [Tue Dec 05 11:31:35 CST 2017]; parent: Root WebApplicationContext]
[2017-12-05 11:31:37.516] -- [INFO] -- [main >>>> AbstractUrlHandlerMapping.java:341 >>>> Method = registerHandler] -- [Content = Mapped URL path [/css/**] onto handler 'org.springframework.web.servlet.resource.ResourceHttpRequestHandler#0']
[2017-12-05 11:31:37.529] -- [INFO] -- [main >>>> AbstractUrlHandlerMapping.java:341 >>>> Method = registerHandler] -- [Content = Mapped URL path [/css_wz/**] onto handler 'org.springframework.web.servlet.resource.ResourceHttpRequestHandler#1']
[2017-12-05 11:31:37.533] -- [INFO] -- [main >>>> AbstractUrlHandlerMapping.java:341 >>>> Method = registerHandler] -- [Content = Mapped URL path [/js/**] onto handler 'org.springframework.web.servlet.resource.ResourceHttpRequestHandler#2']
[2017-12-05 11:31:37.540] -- [INFO] -- [main >>>> AbstractUrlHandlerMapping.java:341 >>>> Method = registerHandler] -- [Content = Mapped URL path [/images/**] onto handler 'org.springframework.web.servlet.resource.ResourceHttpRequestHandler#3']
[2017-12-05 11:31:37.545] -- [INFO] -- [main >>>> AbstractUrlHandlerMapping.java:341 >>>> Method = registerHandler] -- [Content = Mapped URL path [/images_wz/**] onto handler 'org.springframework.web.servlet.resource.ResourceHttpRequestHandler#4']
[2017-12-05 11:31:37.549] -- [INFO] -- [main >>>> AbstractUrlHandlerMapping.java:341 >>>> Method = registerHandler] -- [Content = Mapped URL path [/less/**] onto handler 'org.springframework.web.servlet.resource.ResourceHttpRequestHandler#5']
[2017-12-05 11:31:37.554] -- [INFO] -- [main >>>> AbstractUrlHandlerMapping.java:341 >>>> Method = registerHandler] -- [Content = Mapped URL path [/fonts/**] onto handler 'org.springframework.web.servlet.resource.ResourceHttpRequestHandler#6']
[2017-12-05 11:31:37.559] -- [INFO] -- [main >>>> AbstractUrlHandlerMapping.java:341 >>>> Method = registerHandler] -- [Content = Mapped URL path [/images_wz/**] onto handler 'org.springframework.web.servlet.resource.ResourceHttpRequestHandler#7']
[2017-12-05 11:31:37.795] -- [INFO] -- [main >>>> FrameworkServlet.java:507 >>>> Method = initServletBean] -- [Content = FrameworkServlet 'acim': initialization completed in 1971 ms]
[2017-12-05 12:35:17.528] -- [INFO] -- [http-8080-1 >>>> LogAspect.java:34 >>>> Method = logBefore] -- [Content = ================== Controller 日志记录 start ===================]
[2017-12-05 12:35:17.530] -- [INFO] -- [http-8080-1 >>>> LogAspect.java:35 >>>> Method = logBefore] -- [Content = 1.当前访问的类为：com.wz.module.system.controller.LoginContraller@2a795c5e]
[2017-12-05 12:35:17.532] -- [INFO] -- [http-8080-1 >>>> LogAspect.java:36 >>>> Method = logBefore] -- [Content = 2.调用的方法开始：successLogin]
[2017-12-05 12:35:17.532] -- [INFO] -- [http-8080-1 >>>> LogAspect.java:39 >>>> Method = logBefore] -- [Content = successLogin 方法没有参数]
[2017-12-05 12:35:17.533] -- [INFO] -- [http-8080-1 >>>> LogAspect.java:48 >>>> Method = logBefore] -- [Content = /////////////////////////////////////\\\\\\\\\\\\\\\\\\\\\\\\\\\\\\\\\\\\\]
[2017-12-05 12:35:17.537] -- [INFO] -- [http-8080-1 >>>> LogAspect.java:54 >>>> Method = logAfter] -- [Content = \\\\\\\\\\\\\\\\\\\\\\\\\\\\\\\\\\\\\/////////////////////////////////////]
[2017-12-05 12:35:17.537] -- [INFO] -- [http-8080-1 >>>> LogAspect.java:57 >>>> Method = logAfter] -- [Content = 3.共花费时间：9 毫秒]
[2017-12-05 12:35:17.537] -- [INFO] -- [http-8080-1 >>>> LogAspect.java:64 >>>> Method = logAfter] -- [Content = ================== Controller 日志记录 End ===================]
[2017-12-05 12:35:17.735] -- [WARN] -- [http-8080-1 >>>> StandardJavaScriptSerializer.java:600 >>>> Method = handleErrorLoggingOnJacksonInitialization] -- [Content = [THYMELEAF] Could not initialize Jackson-based serializer even if the Jackson library was detected to be present at the classpath. Please make sure you are adding the jackson-databind module to your classpath, and that version is >= 2.5.0. THYMELEAF INITIALIZATION WILL CONTINUE, but Jackson will not be used for JavaScript serialization. Set the log to DEBUG to see a complete exception trace. Exception message is: com.fasterxml.jackson.databind.ObjectMapper.disable([Lcom/fasterxml/jackson/core/JsonGenerator$Feature;)Lcom/fasterxml/jackson/databind/ObjectMapper;]
[2017-12-05 12:37:57.489] -- [INFO] -- [http-8080-1 >>>> LogAspect.java:34 >>>> Method = logBefore] -- [Content = ================== Controller 日志记录 start ===================]
[2017-12-05 12:37:57.489] -- [INFO] -- [http-8080-1 >>>> LogAspect.java:35 >>>> Method = logBefore] -- [Content = 1.当前访问的类为：com.wz.module.system.controller.LoginContraller@2a795c5e]
[2017-12-05 12:37:57.489] -- [INFO] -- [http-8080-1 >>>> LogAspect.java:36 >>>> Method = logBefore] -- [Content = 2.调用的方法开始：successLogin]
[2017-12-05 12:37:57.490] -- [INFO] -- [http-8080-1 >>>> LogAspect.java:39 >>>> Method = logBefore] -- [Content = successLogin 方法没有参数]
[2017-12-05 12:37:57.490] -- [INFO] -- [http-8080-1 >>>> LogAspect.java:48 >>>> Method = logBefore] -- [Content = /////////////////////////////////////\\\\\\\\\\\\\\\\\\\\\\\\\\\\\\\\\\\\\]
[2017-12-05 12:37:57.491] -- [INFO] -- [http-8080-1 >>>> LogAspect.java:54 >>>> Method = logAfter] -- [Content = \\\\\\\\\\\\\\\\\\\\\\\\\\\\\\\\\\\\\/////////////////////////////////////]
[2017-12-05 12:37:57.491] -- [INFO] -- [http-8080-1 >>>> LogAspect.java:57 >>>> Method = logAfter] -- [Content = 3.共花费时间：2 毫秒]
[2017-12-05 12:37:57.491] -- [INFO] -- [http-8080-1 >>>> LogAspect.java:64 >>>> Method = logAfter] -- [Content = ================== Controller 日志记录 End ===================]
[2017-12-05 12:38:47.968] -- [INFO] -- [http-8080-3 >>>> LogAspect.java:34 >>>> Method = logBefore] -- [Content = ================== Controller 日志记录 start ===================]
[2017-12-05 12:38:47.969] -- [INFO] -- [http-8080-3 >>>> LogAspect.java:35 >>>> Method = logBefore] -- [Content = 1.当前访问的类为：com.wz.module.system.controller.LoginContraller@2a795c5e]
[2017-12-05 12:38:47.969] -- [INFO] -- [http-8080-3 >>>> LogAspect.java:36 >>>> Method = logBefore] -- [Content = 2.调用的方法开始：successLogin]
[2017-12-05 12:38:47.969] -- [INFO] -- [http-8080-3 >>>> LogAspect.java:39 >>>> Method = logBefore] -- [Content = successLogin 方法没有参数]
[2017-12-05 12:38:47.970] -- [INFO] -- [http-8080-3 >>>> LogAspect.java:48 >>>> Method = logBefore] -- [Content = /////////////////////////////////////\\\\\\\\\\\\\\\\\\\\\\\\\\\\\\\\\\\\\]
[2017-12-05 12:38:47.970] -- [INFO] -- [http-8080-3 >>>> LogAspect.java:54 >>>> Method = logAfter] -- [Content = \\\\\\\\\\\\\\\\\\\\\\\\\\\\\\\\\\\\\/////////////////////////////////////]
[2017-12-05 12:38:47.970] -- [INFO] -- [http-8080-3 >>>> LogAspect.java:57 >>>> Method = logAfter] -- [Content = 3.共花费时间：2 毫秒]
[2017-12-05 12:38:47.971] -- [INFO] -- [http-8080-3 >>>> LogAspect.java:64 >>>> Method = logAfter] -- [Content = ================== Controller 日志记录 End ===================]
[2017-12-05 12:39:45.989] -- [INFO] -- [http-8080-3 >>>> LogAspect.java:34 >>>> Method = logBefore] -- [Content = ================== Controller 日志记录 start ===================]
[2017-12-05 12:39:45.989] -- [INFO] -- [http-8080-3 >>>> LogAspect.java:35 >>>> Method = logBefore] -- [Content = 1.当前访问的类为：com.wz.module.system.controller.LoginContraller@2a795c5e]
[2017-12-05 12:39:45.990] -- [INFO] -- [http-8080-3 >>>> LogAspect.java:36 >>>> Method = logBefore] -- [Content = 2.调用的方法开始：successLogin]
[2017-12-05 12:39:45.990] -- [INFO] -- [http-8080-3 >>>> LogAspect.java:39 >>>> Method = logBefore] -- [Content = successLogin 方法没有参数]
[2017-12-05 12:39:45.990] -- [INFO] -- [http-8080-3 >>>> LogAspect.java:48 >>>> Method = logBefore] -- [Content = /////////////////////////////////////\\\\\\\\\\\\\\\\\\\\\\\\\\\\\\\\\\\\\]
[2017-12-05 12:39:45.991] -- [INFO] -- [http-8080-3 >>>> LogAspect.java:54 >>>> Method = logAfter] -- [Content = \\\\\\\\\\\\\\\\\\\\\\\\\\\\\\\\\\\\\/////////////////////////////////////]
[2017-12-05 12:39:45.991] -- [INFO] -- [http-8080-3 >>>> LogAspect.java:57 >>>> Method = logAfter] -- [Content = 3.共花费时间：2 毫秒]
[2017-12-05 12:39:45.991] -- [INFO] -- [http-8080-3 >>>> LogAspect.java:64 >>>> Method = logAfter] -- [Content = ================== Controller 日志记录 End ===================]
[2017-12-05 13:34:23.984] -- [INFO] -- [http-8080-1 >>>> LogAspect.java:34 >>>> Method = logBefore] -- [Content = ================== Controller 日志记录 start ===================]
[2017-12-05 13:34:23.985] -- [INFO] -- [http-8080-1 >>>> LogAspect.java:35 >>>> Method = logBefore] -- [Content = 1.当前访问的类为：com.wz.module.system.controller.LoginContraller@2a795c5e]
[2017-12-05 13:34:23.986] -- [INFO] -- [http-8080-1 >>>> LogAspect.java:36 >>>> Method = logBefore] -- [Content = 2.调用的方法开始：successLogin]
[2017-12-05 13:34:23.986] -- [INFO] -- [http-8080-1 >>>> LogAspect.java:39 >>>> Method = logBefore] -- [Content = successLogin 方法没有参数]
[2017-12-05 13:34:23.986] -- [INFO] -- [http-8080-1 >>>> LogAspect.java:48 >>>> Method = logBefore] -- [Content = /////////////////////////////////////\\\\\\\\\\\\\\\\\\\\\\\\\\\\\\\\\\\\\]
[2017-12-05 13:34:23.986] -- [INFO] -- [http-8080-1 >>>> LogAspect.java:54 >>>> Method = logAfter] -- [Content = \\\\\\\\\\\\\\\\\\\\\\\\\\\\\\\\\\\\\/////////////////////////////////////]
[2017-12-05 13:34:23.987] -- [INFO] -- [http-8080-1 >>>> LogAspect.java:57 >>>> Method = logAfter] -- [Content = 3.共花费时间：3 毫秒]
[2017-12-05 13:34:23.987] -- [INFO] -- [http-8080-1 >>>> LogAspect.java:64 >>>> Method = logAfter] -- [Content = ================== Controller 日志记录 End ===================]
[2017-12-05 14:59:45.262] -- [INFO] -- [http-8080-1 >>>> LogAspect.java:34 >>>> Method = logBefore] -- [Content = ================== Controller 日志记录 start ===================]
[2017-12-05 14:59:45.263] -- [INFO] -- [http-8080-1 >>>> LogAspect.java:35 >>>> Method = logBefore] -- [Content = 1.当前访问的类为：com.wz.module.system.controller.LoginContraller@2a795c5e]
[2017-12-05 14:59:45.263] -- [INFO] -- [http-8080-1 >>>> LogAspect.java:36 >>>> Method = logBefore] -- [Content = 2.调用的方法开始：successLogin]
[2017-12-05 14:59:45.264] -- [INFO] -- [http-8080-1 >>>> LogAspect.java:39 >>>> Method = logBefore] -- [Content = successLogin 方法没有参数]
[2017-12-05 14:59:45.264] -- [INFO] -- [http-8080-1 >>>> LogAspect.java:48 >>>> Method = logBefore] -- [Content = /////////////////////////////////////\\\\\\\\\\\\\\\\\\\\\\\\\\\\\\\\\\\\\]
[2017-12-05 14:59:45.264] -- [INFO] -- [http-8080-1 >>>> LogAspect.java:54 >>>> Method = logAfter] -- [Content = \\\\\\\\\\\\\\\\\\\\\\\\\\\\\\\\\\\\\/////////////////////////////////////]
[2017-12-05 14:59:45.265] -- [INFO] -- [http-8080-1 >>>> LogAspect.java:57 >>>> Method = logAfter] -- [Content = 3.共花费时间：3 毫秒]
[2017-12-05 14:59:45.265] -- [INFO] -- [http-8080-1 >>>> LogAspect.java:64 >>>> Method = logAfter] -- [Content = ================== Controller 日志记录 End ===================]
[2017-12-05 15:01:28.148] -- [INFO] -- [http-8080-3 >>>> LogAspect.java:34 >>>> Method = logBefore] -- [Content = ================== Controller 日志记录 start ===================]
[2017-12-05 15:01:28.148] -- [INFO] -- [http-8080-3 >>>> LogAspect.java:35 >>>> Method = logBefore] -- [Content = 1.当前访问的类为：com.wz.module.system.controller.LoginContraller@2a795c5e]
[2017-12-05 15:01:28.149] -- [INFO] -- [http-8080-3 >>>> LogAspect.java:36 >>>> Method = logBefore] -- [Content = 2.调用的方法开始：successLogin]
[2017-12-05 15:01:28.149] -- [INFO] -- [http-8080-3 >>>> LogAspect.java:39 >>>> Method = logBefore] -- [Content = successLogin 方法没有参数]
[2017-12-05 15:01:28.149] -- [INFO] -- [http-8080-3 >>>> LogAspect.java:48 >>>> Method = logBefore] -- [Content = /////////////////////////////////////\\\\\\\\\\\\\\\\\\\\\\\\\\\\\\\\\\\\\]
[2017-12-05 15:01:28.150] -- [INFO] -- [http-8080-3 >>>> LogAspect.java:54 >>>> Method = logAfter] -- [Content = \\\\\\\\\\\\\\\\\\\\\\\\\\\\\\\\\\\\\/////////////////////////////////////]
[2017-12-05 15:01:28.150] -- [INFO] -- [http-8080-3 >>>> LogAspect.java:57 >>>> Method = logAfter] -- [Content = 3.共花费时间：2 毫秒]
[2017-12-05 15:01:28.150] -- [INFO] -- [http-8080-3 >>>> LogAspect.java:64 >>>> Method = logAfter] -- [Content = ================== Controller 日志记录 End ===================]
[2017-12-05 15:01:50.630] -- [INFO] -- [http-8080-3 >>>> LogAspect.java:34 >>>> Method = logBefore] -- [Content = ================== Controller 日志记录 start ===================]
[2017-12-05 15:01:50.631] -- [INFO] -- [http-8080-3 >>>> LogAspect.java:35 >>>> Method = logBefore] -- [Content = 1.当前访问的类为：com.wz.module.system.controller.LoginContraller@2a795c5e]
[2017-12-05 15:01:50.631] -- [INFO] -- [http-8080-3 >>>> LogAspect.java:36 >>>> Method = logBefore] -- [Content = 2.调用的方法开始：successLogin]
[2017-12-05 15:01:50.632] -- [INFO] -- [http-8080-3 >>>> LogAspect.java:39 >>>> Method = logBefore] -- [Content = successLogin 方法没有参数]
[2017-12-05 15:01:50.632] -- [INFO] -- [http-8080-3 >>>> LogAspect.java:48 >>>> Method = logBefore] -- [Content = /////////////////////////////////////\\\\\\\\\\\\\\\\\\\\\\\\\\\\\\\\\\\\\]
[2017-12-05 15:01:50.632] -- [INFO] -- [http-8080-3 >>>> LogAspect.java:54 >>>> Method = logAfter] -- [Content = \\\\\\\\\\\\\\\\\\\\\\\\\\\\\\\\\\\\\/////////////////////////////////////]
[2017-12-05 15:01:50.632] -- [INFO] -- [http-8080-3 >>>> LogAspect.java:57 >>>> Method = logAfter] -- [Content = 3.共花费时间：2 毫秒]
[2017-12-05 15:01:50.633] -- [INFO] -- [http-8080-3 >>>> LogAspect.java:64 >>>> Method = logAfter] -- [Content = ================== Controller 日志记录 End ===================]
[2017-12-05 15:05:08.623] -- [INFO] -- [http-8080-1 >>>> LogAspect.java:34 >>>> Method = logBefore] -- [Content = ================== Controller 日志记录 start ===================]
[2017-12-05 15:05:08.623] -- [INFO] -- [http-8080-1 >>>> LogAspect.java:35 >>>> Method = logBefore] -- [Content = 1.当前访问的类为：com.wz.module.system.controller.LoginContraller@2a795c5e]
[2017-12-05 15:05:08.623] -- [INFO] -- [http-8080-1 >>>> LogAspect.java:36 >>>> Method = logBefore] -- [Content = 2.调用的方法开始：successLogin]
[2017-12-05 15:05:08.624] -- [INFO] -- [http-8080-1 >>>> LogAspect.java:39 >>>> Method = logBefore] -- [Content = successLogin 方法没有参数]
[2017-12-05 15:05:08.624] -- [INFO] -- [http-8080-1 >>>> LogAspect.java:48 >>>> Method = logBefore] -- [Content = /////////////////////////////////////\\\\\\\\\\\\\\\\\\\\\\\\\\\\\\\\\\\\\]
[2017-12-05 15:05:08.624] -- [INFO] -- [http-8080-1 >>>> LogAspect.java:54 >>>> Method = logAfter] -- [Content = \\\\\\\\\\\\\\\\\\\\\\\\\\\\\\\\\\\\\/////////////////////////////////////]
[2017-12-05 15:05:08.625] -- [INFO] -- [http-8080-1 >>>> LogAspect.java:57 >>>> Method = logAfter] -- [Content = 3.共花费时间：2 毫秒]
[2017-12-05 15:05:08.625] -- [INFO] -- [http-8080-1 >>>> LogAspect.java:64 >>>> Method = logAfter] -- [Content = ================== Controller 日志记录 End ===================]
[2017-12-05 15:07:21.862] -- [INFO] -- [http-8080-3 >>>> LogAspect.java:34 >>>> Method = logBefore] -- [Content = ================== Controller 日志记录 start ===================]
[2017-12-05 15:07:21.864] -- [INFO] -- [http-8080-3 >>>> LogAspect.java:35 >>>> Method = logBefore] -- [Content = 1.当前访问的类为：com.wz.module.system.controller.LoginContraller@2a795c5e]
[2017-12-05 15:07:21.865] -- [INFO] -- [http-8080-3 >>>> LogAspect.java:36 >>>> Method = logBefore] -- [Content = 2.调用的方法开始：successLogin]
[2017-12-05 15:07:21.865] -- [INFO] -- [http-8080-3 >>>> LogAspect.java:39 >>>> Method = logBefore] -- [Content = successLogin 方法没有参数]
[2017-12-05 15:07:21.865] -- [INFO] -- [http-8080-3 >>>> LogAspect.java:48 >>>> Method = logBefore] -- [Content = /////////////////////////////////////\\\\\\\\\\\\\\\\\\\\\\\\\\\\\\\\\\\\\]
[2017-12-05 15:07:21.865] -- [INFO] -- [http-8080-3 >>>> LogAspect.java:54 >>>> Method = logAfter] -- [Content = \\\\\\\\\\\\\\\\\\\\\\\\\\\\\\\\\\\\\/////////////////////////////////////]
[2017-12-05 15:07:21.865] -- [INFO] -- [http-8080-3 >>>> LogAspect.java:57 >>>> Method = logAfter] -- [Content = 3.共花费时间：3 毫秒]
[2017-12-05 15:07:21.866] -- [INFO] -- [http-8080-3 >>>> LogAspect.java:64 >>>> Method = logAfter] -- [Content = ================== Controller 日志记录 End ===================]
[2017-12-05 15:09:41.984] -- [INFO] -- [http-8080-2 >>>> LogAspect.java:34 >>>> Method = logBefore] -- [Content = ================== Controller 日志记录 start ===================]
[2017-12-05 15:09:41.985] -- [INFO] -- [http-8080-2 >>>> LogAspect.java:35 >>>> Method = logBefore] -- [Content = 1.当前访问的类为：com.wz.module.system.controller.LoginContraller@2a795c5e]
[2017-12-05 15:09:41.986] -- [INFO] -- [http-8080-2 >>>> LogAspect.java:36 >>>> Method = logBefore] -- [Content = 2.调用的方法开始：successLogin]
[2017-12-05 15:09:41.986] -- [INFO] -- [http-8080-2 >>>> LogAspect.java:39 >>>> Method = logBefore] -- [Content = successLogin 方法没有参数]
[2017-12-05 15:09:41.987] -- [INFO] -- [http-8080-2 >>>> LogAspect.java:48 >>>> Method = logBefore] -- [Content = /////////////////////////////////////\\\\\\\\\\\\\\\\\\\\\\\\\\\\\\\\\\\\\]
[2017-12-05 15:09:41.987] -- [INFO] -- [http-8080-2 >>>> LogAspect.java:54 >>>> Method = logAfter] -- [Content = \\\\\\\\\\\\\\\\\\\\\\\\\\\\\\\\\\\\\/////////////////////////////////////]
[2017-12-05 15:09:41.988] -- [INFO] -- [http-8080-2 >>>> LogAspect.java:57 >>>> Method = logAfter] -- [Content = 3.共花费时间：4 毫秒]
[2017-12-05 15:09:41.988] -- [INFO] -- [http-8080-2 >>>> LogAspect.java:64 >>>> Method = logAfter] -- [Content = ================== Controller 日志记录 End ===================]
[2017-12-05 15:13:58.780] -- [INFO] -- [http-8080-4 >>>> LogAspect.java:34 >>>> Method = logBefore] -- [Content = ================== Controller 日志记录 start ===================]
[2017-12-05 15:13:58.782] -- [INFO] -- [http-8080-4 >>>> LogAspect.java:35 >>>> Method = logBefore] -- [Content = 1.当前访问的类为：com.wz.module.system.controller.LoginContraller@2a795c5e]
[2017-12-05 15:13:58.782] -- [INFO] -- [http-8080-4 >>>> LogAspect.java:36 >>>> Method = logBefore] -- [Content = 2.调用的方法开始：successLogin]
[2017-12-05 15:13:58.783] -- [INFO] -- [http-8080-4 >>>> LogAspect.java:39 >>>> Method = logBefore] -- [Content = successLogin 方法没有参数]
[2017-12-05 15:13:58.783] -- [INFO] -- [http-8080-4 >>>> LogAspect.java:48 >>>> Method = logBefore] -- [Content = /////////////////////////////////////\\\\\\\\\\\\\\\\\\\\\\\\\\\\\\\\\\\\\]
[2017-12-05 15:13:58.783] -- [INFO] -- [http-8080-4 >>>> LogAspect.java:54 >>>> Method = logAfter] -- [Content = \\\\\\\\\\\\\\\\\\\\\\\\\\\\\\\\\\\\\/////////////////////////////////////]
[2017-12-05 15:13:58.783] -- [INFO] -- [http-8080-4 >>>> LogAspect.java:57 >>>> Method = logAfter] -- [Content = 3.共花费时间：3 毫秒]
[2017-12-05 15:13:58.784] -- [INFO] -- [http-8080-4 >>>> LogAspect.java:64 >>>> Method = logAfter] -- [Content = ================== Controller 日志记录 End ===================]
[2017-12-05 15:16:46.733] -- [INFO] -- [http-8080-4 >>>> LogAspect.java:34 >>>> Method = logBefore] -- [Content = ================== Controller 日志记录 start ===================]
[2017-12-05 15:16:46.734] -- [INFO] -- [http-8080-4 >>>> LogAspect.java:35 >>>> Method = logBefore] -- [Content = 1.当前访问的类为：com.wz.module.system.controller.LoginContraller@2a795c5e]
[2017-12-05 15:16:46.734] -- [INFO] -- [http-8080-4 >>>> LogAspect.java:36 >>>> Method = logBefore] -- [Content = 2.调用的方法开始：successLogin]
[2017-12-05 15:16:46.735] -- [INFO] -- [http-8080-4 >>>> LogAspect.java:39 >>>> Method = logBefore] -- [Content = successLogin 方法没有参数]
[2017-12-05 15:16:46.735] -- [INFO] -- [http-8080-4 >>>> LogAspect.java:48 >>>> Method = logBefore] -- [Content = /////////////////////////////////////\\\\\\\\\\\\\\\\\\\\\\\\\\\\\\\\\\\\\]
[2017-12-05 15:16:46.735] -- [INFO] -- [http-8080-4 >>>> LogAspect.java:54 >>>> Method = logAfter] -- [Content = \\\\\\\\\\\\\\\\\\\\\\\\\\\\\\\\\\\\\/////////////////////////////////////]
[2017-12-05 15:16:46.735] -- [INFO] -- [http-8080-4 >>>> LogAspect.java:57 >>>> Method = logAfter] -- [Content = 3.共花费时间：2 毫秒]
[2017-12-05 15:16:46.735] -- [INFO] -- [http-8080-4 >>>> LogAspect.java:64 >>>> Method = logAfter] -- [Content = ================== Controller 日志记录 End ===================]
[2017-12-05 15:17:13.031] -- [INFO] -- [http-8080-4 >>>> LogAspect.java:34 >>>> Method = logBefore] -- [Content = ================== Controller 日志记录 start ===================]
[2017-12-05 15:17:13.031] -- [INFO] -- [http-8080-4 >>>> LogAspect.java:35 >>>> Method = logBefore] -- [Content = 1.当前访问的类为：com.wz.module.system.controller.LoginContraller@2a795c5e]
[2017-12-05 15:17:13.032] -- [INFO] -- [http-8080-4 >>>> LogAspect.java:36 >>>> Method = logBefore] -- [Content = 2.调用的方法开始：successLogin]
[2017-12-05 15:17:13.032] -- [INFO] -- [http-8080-4 >>>> LogAspect.java:39 >>>> Method = logBefore] -- [Content = successLogin 方法没有参数]
[2017-12-05 15:17:13.032] -- [INFO] -- [http-8080-4 >>>> LogAspect.java:48 >>>> Method = logBefore] -- [Content = /////////////////////////////////////\\\\\\\\\\\\\\\\\\\\\\\\\\\\\\\\\\\\\]
[2017-12-05 15:17:13.032] -- [INFO] -- [http-8080-4 >>>> LogAspect.java:54 >>>> Method = logAfter] -- [Content = \\\\\\\\\\\\\\\\\\\\\\\\\\\\\\\\\\\\\/////////////////////////////////////]
[2017-12-05 15:17:13.033] -- [INFO] -- [http-8080-4 >>>> LogAspect.java:57 >>>> Method = logAfter] -- [Content = 3.共花费时间：2 毫秒]
[2017-12-05 15:17:13.033] -- [INFO] -- [http-8080-4 >>>> LogAspect.java:64 >>>> Method = logAfter] -- [Content = ================== Controller 日志记录 End ===================]
[2017-12-05 15:17:29.432] -- [INFO] -- [http-8080-4 >>>> LogAspect.java:34 >>>> Method = logBefore] -- [Content = ================== Controller 日志记录 start ===================]
[2017-12-05 15:17:29.433] -- [INFO] -- [http-8080-4 >>>> LogAspect.java:35 >>>> Method = logBefore] -- [Content = 1.当前访问的类为：com.wz.module.system.controller.LoginContraller@2a795c5e]
[2017-12-05 15:17:29.433] -- [INFO] -- [http-8080-4 >>>> LogAspect.java:36 >>>> Method = logBefore] -- [Content = 2.调用的方法开始：successLogin]
[2017-12-05 15:17:29.433] -- [INFO] -- [http-8080-4 >>>> LogAspect.java:39 >>>> Method = logBefore] -- [Content = successLogin 方法没有参数]
[2017-12-05 15:17:29.433] -- [INFO] -- [http-8080-4 >>>> LogAspect.java:48 >>>> Method = logBefore] -- [Content = /////////////////////////////////////\\\\\\\\\\\\\\\\\\\\\\\\\\\\\\\\\\\\\]
[2017-12-05 15:17:29.434] -- [INFO] -- [http-8080-4 >>>> LogAspect.java:54 >>>> Method = logAfter] -- [Content = \\\\\\\\\\\\\\\\\\\\\\\\\\\\\\\\\\\\\/////////////////////////////////////]
[2017-12-05 15:17:29.434] -- [INFO] -- [http-8080-4 >>>> LogAspect.java:57 >>>> Method = logAfter] -- [Content = 3.共花费时间：2 毫秒]
[2017-12-05 15:17:29.434] -- [INFO] -- [http-8080-4 >>>> LogAspect.java:64 >>>> Method = logAfter] -- [Content = ================== Controller 日志记录 End ===================]
[2017-12-05 15:22:24.050] -- [INFO] -- [http-8080-1 >>>> LogAspect.java:34 >>>> Method = logBefore] -- [Content = ================== Controller 日志记录 start ===================]
[2017-12-05 15:22:24.051] -- [INFO] -- [http-8080-1 >>>> LogAspect.java:35 >>>> Method = logBefore] -- [Content = 1.当前访问的类为：com.wz.module.system.controller.LoginContraller@2a795c5e]
[2017-12-05 15:22:24.051] -- [INFO] -- [http-8080-1 >>>> LogAspect.java:36 >>>> Method = logBefore] -- [Content = 2.调用的方法开始：successLogin]
[2017-12-05 15:22:24.051] -- [INFO] -- [http-8080-1 >>>> LogAspect.java:39 >>>> Method = logBefore] -- [Content = successLogin 方法没有参数]
[2017-12-05 15:22:24.052] -- [INFO] -- [http-8080-1 >>>> LogAspect.java:48 >>>> Method = logBefore] -- [Content = /////////////////////////////////////\\\\\\\\\\\\\\\\\\\\\\\\\\\\\\\\\\\\\]
[2017-12-05 15:22:24.052] -- [INFO] -- [http-8080-1 >>>> LogAspect.java:54 >>>> Method = logAfter] -- [Content = \\\\\\\\\\\\\\\\\\\\\\\\\\\\\\\\\\\\\/////////////////////////////////////]
[2017-12-05 15:22:24.052] -- [INFO] -- [http-8080-1 >>>> LogAspect.java:57 >>>> Method = logAfter] -- [Content = 3.共花费时间：2 毫秒]
[2017-12-05 15:22:24.052] -- [INFO] -- [http-8080-1 >>>> LogAspect.java:64 >>>> Method = logAfter] -- [Content = ================== Controller 日志记录 End ===================]
[2017-12-05 15:25:37.381] -- [INFO] -- [http-8080-3 >>>> LogAspect.java:34 >>>> Method = logBefore] -- [Content = ================== Controller 日志记录 start ===================]
[2017-12-05 15:25:37.382] -- [INFO] -- [http-8080-3 >>>> LogAspect.java:35 >>>> Method = logBefore] -- [Content = 1.当前访问的类为：com.wz.module.system.controller.LoginContraller@2a795c5e]
[2017-12-05 15:25:37.382] -- [INFO] -- [http-8080-3 >>>> LogAspect.java:36 >>>> Method = logBefore] -- [Content = 2.调用的方法开始：successLogin]
[2017-12-05 15:25:37.382] -- [INFO] -- [http-8080-3 >>>> LogAspect.java:39 >>>> Method = logBefore] -- [Content = successLogin 方法没有参数]
[2017-12-05 15:25:37.382] -- [INFO] -- [http-8080-3 >>>> LogAspect.java:48 >>>> Method = logBefore] -- [Content = /////////////////////////////////////\\\\\\\\\\\\\\\\\\\\\\\\\\\\\\\\\\\\\]
[2017-12-05 15:25:37.383] -- [INFO] -- [http-8080-3 >>>> LogAspect.java:54 >>>> Method = logAfter] -- [Content = \\\\\\\\\\\\\\\\\\\\\\\\\\\\\\\\\\\\\/////////////////////////////////////]
[2017-12-05 15:25:37.383] -- [INFO] -- [http-8080-3 >>>> LogAspect.java:57 >>>> Method = logAfter] -- [Content = 3.共花费时间：2 毫秒]
[2017-12-05 15:25:37.383] -- [INFO] -- [http-8080-3 >>>> LogAspect.java:64 >>>> Method = logAfter] -- [Content = ================== Controller 日志记录 End ===================]
[2017-12-05 15:26:56.835] -- [INFO] -- [http-8080-3 >>>> LogAspect.java:34 >>>> Method = logBefore] -- [Content = ================== Controller 日志记录 start ===================]
[2017-12-05 15:26:56.835] -- [INFO] -- [http-8080-3 >>>> LogAspect.java:35 >>>> Method = logBefore] -- [Content = 1.当前访问的类为：com.wz.module.system.controller.LoginContraller@2a795c5e]
[2017-12-05 15:26:56.836] -- [INFO] -- [http-8080-3 >>>> LogAspect.java:36 >>>> Method = logBefore] -- [Content = 2.调用的方法开始：successLogin]
[2017-12-05 15:26:56.836] -- [INFO] -- [http-8080-3 >>>> LogAspect.java:39 >>>> Method = logBefore] -- [Content = successLogin 方法没有参数]
[2017-12-05 15:26:56.836] -- [INFO] -- [http-8080-3 >>>> LogAspect.java:48 >>>> Method = logBefore] -- [Content = /////////////////////////////////////\\\\\\\\\\\\\\\\\\\\\\\\\\\\\\\\\\\\\]
[2017-12-05 15:26:56.836] -- [INFO] -- [http-8080-3 >>>> LogAspect.java:54 >>>> Method = logAfter] -- [Content = \\\\\\\\\\\\\\\\\\\\\\\\\\\\\\\\\\\\\/////////////////////////////////////]
[2017-12-05 15:26:56.837] -- [INFO] -- [http-8080-3 >>>> LogAspect.java:57 >>>> Method = logAfter] -- [Content = 3.共花费时间：2 毫秒]
[2017-12-05 15:26:56.837] -- [INFO] -- [http-8080-3 >>>> LogAspect.java:64 >>>> Method = logAfter] -- [Content = ================== Controller 日志记录 End ===================]
[2017-12-05 15:29:14.470] -- [INFO] -- [http-8080-5 >>>> LogAspect.java:34 >>>> Method = logBefore] -- [Content = ================== Controller 日志记录 start ===================]
[2017-12-05 15:29:14.470] -- [INFO] -- [http-8080-5 >>>> LogAspect.java:35 >>>> Method = logBefore] -- [Content = 1.当前访问的类为：com.wz.module.system.controller.LoginContraller@2a795c5e]
[2017-12-05 15:29:14.471] -- [INFO] -- [http-8080-5 >>>> LogAspect.java:36 >>>> Method = logBefore] -- [Content = 2.调用的方法开始：successLogin]
[2017-12-05 15:29:14.471] -- [INFO] -- [http-8080-5 >>>> LogAspect.java:39 >>>> Method = logBefore] -- [Content = successLogin 方法没有参数]
[2017-12-05 15:29:14.471] -- [INFO] -- [http-8080-5 >>>> LogAspect.java:48 >>>> Method = logBefore] -- [Content = /////////////////////////////////////\\\\\\\\\\\\\\\\\\\\\\\\\\\\\\\\\\\\\]
[2017-12-05 15:29:14.471] -- [INFO] -- [http-8080-5 >>>> LogAspect.java:54 >>>> Method = logAfter] -- [Content = \\\\\\\\\\\\\\\\\\\\\\\\\\\\\\\\\\\\\/////////////////////////////////////]
[2017-12-05 15:29:14.471] -- [INFO] -- [http-8080-5 >>>> LogAspect.java:57 >>>> Method = logAfter] -- [Content = 3.共花费时间：1 毫秒]
[2017-12-05 15:29:14.472] -- [INFO] -- [http-8080-5 >>>> LogAspect.java:64 >>>> Method = logAfter] -- [Content = ================== Controller 日志记录 End ===================]
[2017-12-05 15:29:53.958] -- [INFO] -- [http-8080-3 >>>> LogAspect.java:34 >>>> Method = logBefore] -- [Content = ================== Controller 日志记录 start ===================]
[2017-12-05 15:29:53.958] -- [INFO] -- [http-8080-3 >>>> LogAspect.java:35 >>>> Method = logBefore] -- [Content = 1.当前访问的类为：com.wz.module.system.controller.LoginContraller@2a795c5e]
[2017-12-05 15:29:53.959] -- [INFO] -- [http-8080-3 >>>> LogAspect.java:36 >>>> Method = logBefore] -- [Content = 2.调用的方法开始：successLogin]
[2017-12-05 15:29:53.959] -- [INFO] -- [http-8080-3 >>>> LogAspect.java:39 >>>> Method = logBefore] -- [Content = successLogin 方法没有参数]
[2017-12-05 15:29:53.959] -- [INFO] -- [http-8080-3 >>>> LogAspect.java:48 >>>> Method = logBefore] -- [Content = /////////////////////////////////////\\\\\\\\\\\\\\\\\\\\\\\\\\\\\\\\\\\\\]
[2017-12-05 15:29:53.960] -- [INFO] -- [http-8080-3 >>>> LogAspect.java:54 >>>> Method = logAfter] -- [Content = \\\\\\\\\\\\\\\\\\\\\\\\\\\\\\\\\\\\\/////////////////////////////////////]
[2017-12-05 15:29:53.960] -- [INFO] -- [http-8080-3 >>>> LogAspect.java:57 >>>> Method = logAfter] -- [Content = 3.共花费时间：2 毫秒]
[2017-12-05 15:29:53.960] -- [INFO] -- [http-8080-3 >>>> LogAspect.java:64 >>>> Method = logAfter] -- [Content = ================== Controller 日志记录 End ===================]
[2017-12-05 15:32:19.790] -- [INFO] -- [http-8080-5 >>>> LogAspect.java:34 >>>> Method = logBefore] -- [Content = ================== Controller 日志记录 start ===================]
[2017-12-05 15:32:19.790] -- [INFO] -- [http-8080-5 >>>> LogAspect.java:35 >>>> Method = logBefore] -- [Content = 1.当前访问的类为：com.wz.module.system.controller.LoginContraller@2a795c5e]
[2017-12-05 15:32:19.791] -- [INFO] -- [http-8080-5 >>>> LogAspect.java:36 >>>> Method = logBefore] -- [Content = 2.调用的方法开始：successLogin]
[2017-12-05 15:32:19.791] -- [INFO] -- [http-8080-5 >>>> LogAspect.java:39 >>>> Method = logBefore] -- [Content = successLogin 方法没有参数]
[2017-12-05 15:32:19.791] -- [INFO] -- [http-8080-5 >>>> LogAspect.java:48 >>>> Method = logBefore] -- [Content = /////////////////////////////////////\\\\\\\\\\\\\\\\\\\\\\\\\\\\\\\\\\\\\]
[2017-12-05 15:32:19.792] -- [INFO] -- [http-8080-5 >>>> LogAspect.java:54 >>>> Method = logAfter] -- [Content = \\\\\\\\\\\\\\\\\\\\\\\\\\\\\\\\\\\\\/////////////////////////////////////]
[2017-12-05 15:32:19.792] -- [INFO] -- [http-8080-5 >>>> LogAspect.java:57 >>>> Method = logAfter] -- [Content = 3.共花费时间：2 毫秒]
[2017-12-05 15:32:19.793] -- [INFO] -- [http-8080-5 >>>> LogAspect.java:64 >>>> Method = logAfter] -- [Content = ================== Controller 日志记录 End ===================]
[2017-12-05 15:33:22.570] -- [INFO] -- [http-8080-5 >>>> LogAspect.java:34 >>>> Method = logBefore] -- [Content = ================== Controller 日志记录 start ===================]
[2017-12-05 15:33:22.571] -- [INFO] -- [http-8080-5 >>>> LogAspect.java:35 >>>> Method = logBefore] -- [Content = 1.当前访问的类为：com.wz.module.system.controller.LoginContraller@2a795c5e]
[2017-12-05 15:33:22.571] -- [INFO] -- [http-8080-5 >>>> LogAspect.java:36 >>>> Method = logBefore] -- [Content = 2.调用的方法开始：successLogin]
[2017-12-05 15:33:22.571] -- [INFO] -- [http-8080-5 >>>> LogAspect.java:39 >>>> Method = logBefore] -- [Content = successLogin 方法没有参数]
[2017-12-05 15:33:22.572] -- [INFO] -- [http-8080-5 >>>> LogAspect.java:48 >>>> Method = logBefore] -- [Content = /////////////////////////////////////\\\\\\\\\\\\\\\\\\\\\\\\\\\\\\\\\\\\\]
[2017-12-05 15:33:22.572] -- [INFO] -- [http-8080-5 >>>> LogAspect.java:54 >>>> Method = logAfter] -- [Content = \\\\\\\\\\\\\\\\\\\\\\\\\\\\\\\\\\\\\/////////////////////////////////////]
[2017-12-05 15:33:22.572] -- [INFO] -- [http-8080-5 >>>> LogAspect.java:57 >>>> Method = logAfter] -- [Content = 3.共花费时间：2 毫秒]
[2017-12-05 15:33:22.573] -- [INFO] -- [http-8080-5 >>>> LogAspect.java:64 >>>> Method = logAfter] -- [Content = ================== Controller 日志记录 End ===================]
[2017-12-05 15:35:48.947] -- [INFO] -- [http-8080-2 >>>> LogAspect.java:34 >>>> Method = logBefore] -- [Content = ================== Controller 日志记录 start ===================]
[2017-12-05 15:35:48.947] -- [INFO] -- [http-8080-2 >>>> LogAspect.java:35 >>>> Method = logBefore] -- [Content = 1.当前访问的类为：com.wz.module.system.controller.LoginContraller@2a795c5e]
[2017-12-05 15:35:48.948] -- [INFO] -- [http-8080-2 >>>> LogAspect.java:36 >>>> Method = logBefore] -- [Content = 2.调用的方法开始：successLogin]
[2017-12-05 15:35:48.948] -- [INFO] -- [http-8080-2 >>>> LogAspect.java:39 >>>> Method = logBefore] -- [Content = successLogin 方法没有参数]
[2017-12-05 15:35:48.948] -- [INFO] -- [http-8080-2 >>>> LogAspect.java:48 >>>> Method = logBefore] -- [Content = /////////////////////////////////////\\\\\\\\\\\\\\\\\\\\\\\\\\\\\\\\\\\\\]
[2017-12-05 15:35:48.948] -- [INFO] -- [http-8080-2 >>>> LogAspect.java:54 >>>> Method = logAfter] -- [Content = \\\\\\\\\\\\\\\\\\\\\\\\\\\\\\\\\\\\\/////////////////////////////////////]
[2017-12-05 15:35:48.948] -- [INFO] -- [http-8080-2 >>>> LogAspect.java:57 >>>> Method = logAfter] -- [Content = 3.共花费时间：1 毫秒]
[2017-12-05 15:35:48.948] -- [INFO] -- [http-8080-2 >>>> LogAspect.java:64 >>>> Method = logAfter] -- [Content = ================== Controller 日志记录 End ===================]
[2017-12-05 15:37:57.176] -- [INFO] -- [http-8080-5 >>>> LogAspect.java:34 >>>> Method = logBefore] -- [Content = ================== Controller 日志记录 start ===================]
[2017-12-05 15:37:57.177] -- [INFO] -- [http-8080-5 >>>> LogAspect.java:35 >>>> Method = logBefore] -- [Content = 1.当前访问的类为：com.wz.module.system.controller.LoginContraller@2a795c5e]
[2017-12-05 15:37:57.178] -- [INFO] -- [http-8080-5 >>>> LogAspect.java:36 >>>> Method = logBefore] -- [Content = 2.调用的方法开始：successLogin]
[2017-12-05 15:37:57.178] -- [INFO] -- [http-8080-5 >>>> LogAspect.java:39 >>>> Method = logBefore] -- [Content = successLogin 方法没有参数]
[2017-12-05 15:37:57.178] -- [INFO] -- [http-8080-5 >>>> LogAspect.java:48 >>>> Method = logBefore] -- [Content = /////////////////////////////////////\\\\\\\\\\\\\\\\\\\\\\\\\\\\\\\\\\\\\]
[2017-12-05 15:37:57.179] -- [INFO] -- [http-8080-5 >>>> LogAspect.java:54 >>>> Method = logAfter] -- [Content = \\\\\\\\\\\\\\\\\\\\\\\\\\\\\\\\\\\\\/////////////////////////////////////]
[2017-12-05 15:37:57.179] -- [INFO] -- [http-8080-5 >>>> LogAspect.java:57 >>>> Method = logAfter] -- [Content = 3.共花费时间：3 毫秒]
[2017-12-05 15:37:57.179] -- [INFO] -- [http-8080-5 >>>> LogAspect.java:64 >>>> Method = logAfter] -- [Content = ================== Controller 日志记录 End ===================]
[2017-12-05 15:38:05.765] -- [INFO] -- [http-8080-5 >>>> LogAspect.java:34 >>>> Method = logBefore] -- [Content = ================== Controller 日志记录 start ===================]
[2017-12-05 15:38:05.766] -- [INFO] -- [http-8080-5 >>>> LogAspect.java:35 >>>> Method = logBefore] -- [Content = 1.当前访问的类为：com.wz.module.system.controller.LoginContraller@2a795c5e]
[2017-12-05 15:38:05.766] -- [INFO] -- [http-8080-5 >>>> LogAspect.java:36 >>>> Method = logBefore] -- [Content = 2.调用的方法开始：successLogin]
[2017-12-05 15:38:05.767] -- [INFO] -- [http-8080-5 >>>> LogAspect.java:39 >>>> Method = logBefore] -- [Content = successLogin 方法没有参数]
[2017-12-05 15:38:05.767] -- [INFO] -- [http-8080-5 >>>> LogAspect.java:48 >>>> Method = logBefore] -- [Content = /////////////////////////////////////\\\\\\\\\\\\\\\\\\\\\\\\\\\\\\\\\\\\\]
[2017-12-05 15:38:05.768] -- [INFO] -- [http-8080-5 >>>> LogAspect.java:54 >>>> Method = logAfter] -- [Content = \\\\\\\\\\\\\\\\\\\\\\\\\\\\\\\\\\\\\/////////////////////////////////////]
[2017-12-05 15:38:05.768] -- [INFO] -- [http-8080-5 >>>> LogAspect.java:57 >>>> Method = logAfter] -- [Content = 3.共花费时间：3 毫秒]
[2017-12-05 15:38:05.768] -- [INFO] -- [http-8080-5 >>>> LogAspect.java:64 >>>> Method = logAfter] -- [Content = ================== Controller 日志记录 End ===================]
[2017-12-05 15:39:56.425] -- [INFO] -- [http-8080-2 >>>> LogAspect.java:34 >>>> Method = logBefore] -- [Content = ================== Controller 日志记录 start ===================]
[2017-12-05 15:39:56.425] -- [INFO] -- [http-8080-2 >>>> LogAspect.java:35 >>>> Method = logBefore] -- [Content = 1.当前访问的类为：com.wz.module.system.controller.LoginContraller@2a795c5e]
[2017-12-05 15:39:56.425] -- [INFO] -- [http-8080-2 >>>> LogAspect.java:36 >>>> Method = logBefore] -- [Content = 2.调用的方法开始：successLogin]
[2017-12-05 15:39:56.426] -- [INFO] -- [http-8080-2 >>>> LogAspect.java:39 >>>> Method = logBefore] -- [Content = successLogin 方法没有参数]
[2017-12-05 15:39:56.426] -- [INFO] -- [http-8080-2 >>>> LogAspect.java:48 >>>> Method = logBefore] -- [Content = /////////////////////////////////////\\\\\\\\\\\\\\\\\\\\\\\\\\\\\\\\\\\\\]
[2017-12-05 15:39:56.426] -- [INFO] -- [http-8080-2 >>>> LogAspect.java:54 >>>> Method = logAfter] -- [Content = \\\\\\\\\\\\\\\\\\\\\\\\\\\\\\\\\\\\\/////////////////////////////////////]
[2017-12-05 15:39:56.426] -- [INFO] -- [http-8080-2 >>>> LogAspect.java:57 >>>> Method = logAfter] -- [Content = 3.共花费时间：1 毫秒]
[2017-12-05 15:39:56.426] -- [INFO] -- [http-8080-2 >>>> LogAspect.java:64 >>>> Method = logAfter] -- [Content = ================== Controller 日志记录 End ===================]
[2017-12-05 15:40:10.331] -- [INFO] -- [http-8080-2 >>>> LogAspect.java:34 >>>> Method = logBefore] -- [Content = ================== Controller 日志记录 start ===================]
[2017-12-05 15:40:10.332] -- [INFO] -- [http-8080-2 >>>> LogAspect.java:35 >>>> Method = logBefore] -- [Content = 1.当前访问的类为：com.wz.module.system.controller.LoginContraller@2a795c5e]
[2017-12-05 15:40:10.332] -- [INFO] -- [http-8080-2 >>>> LogAspect.java:36 >>>> Method = logBefore] -- [Content = 2.调用的方法开始：successLogin]
[2017-12-05 15:40:10.333] -- [INFO] -- [http-8080-2 >>>> LogAspect.java:39 >>>> Method = logBefore] -- [Content = successLogin 方法没有参数]
[2017-12-05 15:40:10.333] -- [INFO] -- [http-8080-2 >>>> LogAspect.java:48 >>>> Method = logBefore] -- [Content = /////////////////////////////////////\\\\\\\\\\\\\\\\\\\\\\\\\\\\\\\\\\\\\]
[2017-12-05 15:40:10.333] -- [INFO] -- [http-8080-2 >>>> LogAspect.java:54 >>>> Method = logAfter] -- [Content = \\\\\\\\\\\\\\\\\\\\\\\\\\\\\\\\\\\\\/////////////////////////////////////]
[2017-12-05 15:40:10.333] -- [INFO] -- [http-8080-2 >>>> LogAspect.java:57 >>>> Method = logAfter] -- [Content = 3.共花费时间：2 毫秒]
[2017-12-05 15:40:10.333] -- [INFO] -- [http-8080-2 >>>> LogAspect.java:64 >>>> Method = logAfter] -- [Content = ================== Controller 日志记录 End ===================]
[2017-12-05 15:41:10.279] -- [INFO] -- [http-8080-5 >>>> LogAspect.java:34 >>>> Method = logBefore] -- [Content = ================== Controller 日志记录 start ===================]
[2017-12-05 15:41:10.280] -- [INFO] -- [http-8080-5 >>>> LogAspect.java:35 >>>> Method = logBefore] -- [Content = 1.当前访问的类为：com.wz.module.system.controller.LoginContraller@2a795c5e]
[2017-12-05 15:41:10.281] -- [INFO] -- [http-8080-5 >>>> LogAspect.java:36 >>>> Method = logBefore] -- [Content = 2.调用的方法开始：successLogin]
[2017-12-05 15:41:10.281] -- [INFO] -- [http-8080-5 >>>> LogAspect.java:39 >>>> Method = logBefore] -- [Content = successLogin 方法没有参数]
[2017-12-05 15:41:10.281] -- [INFO] -- [http-8080-5 >>>> LogAspect.java:48 >>>> Method = logBefore] -- [Content = /////////////////////////////////////\\\\\\\\\\\\\\\\\\\\\\\\\\\\\\\\\\\\\]
[2017-12-05 15:41:10.282] -- [INFO] -- [http-8080-5 >>>> LogAspect.java:54 >>>> Method = logAfter] -- [Content = \\\\\\\\\\\\\\\\\\\\\\\\\\\\\\\\\\\\\/////////////////////////////////////]
[2017-12-05 15:41:10.282] -- [INFO] -- [http-8080-5 >>>> LogAspect.java:57 >>>> Method = logAfter] -- [Content = 3.共花费时间：3 毫秒]
[2017-12-05 15:41:10.282] -- [INFO] -- [http-8080-5 >>>> LogAspect.java:64 >>>> Method = logAfter] -- [Content = ================== Controller 日志记录 End ===================]
[2017-12-05 15:41:30.449] -- [INFO] -- [http-8080-5 >>>> LogAspect.java:34 >>>> Method = logBefore] -- [Content = ================== Controller 日志记录 start ===================]
[2017-12-05 15:41:30.450] -- [INFO] -- [http-8080-5 >>>> LogAspect.java:35 >>>> Method = logBefore] -- [Content = 1.当前访问的类为：com.wz.module.system.controller.LoginContraller@2a795c5e]
[2017-12-05 15:41:30.450] -- [INFO] -- [http-8080-5 >>>> LogAspect.java:36 >>>> Method = logBefore] -- [Content = 2.调用的方法开始：successLogin]
[2017-12-05 15:41:30.450] -- [INFO] -- [http-8080-5 >>>> LogAspect.java:39 >>>> Method = logBefore] -- [Content = successLogin 方法没有参数]
[2017-12-05 15:41:30.451] -- [INFO] -- [http-8080-5 >>>> LogAspect.java:48 >>>> Method = logBefore] -- [Content = /////////////////////////////////////\\\\\\\\\\\\\\\\\\\\\\\\\\\\\\\\\\\\\]
[2017-12-05 15:41:30.451] -- [INFO] -- [http-8080-5 >>>> LogAspect.java:54 >>>> Method = logAfter] -- [Content = \\\\\\\\\\\\\\\\\\\\\\\\\\\\\\\\\\\\\/////////////////////////////////////]
[2017-12-05 15:41:30.451] -- [INFO] -- [http-8080-5 >>>> LogAspect.java:57 >>>> Method = logAfter] -- [Content = 3.共花费时间：2 毫秒]
[2017-12-05 15:41:30.451] -- [INFO] -- [http-8080-5 >>>> LogAspect.java:64 >>>> Method = logAfter] -- [Content = ================== Controller 日志记录 End ===================]
[2017-12-05 16:38:34.971] -- [INFO] -- [http-8080-2 >>>> LogAspect.java:34 >>>> Method = logBefore] -- [Content = ================== Controller 日志记录 start ===================]
[2017-12-05 16:38:34.977] -- [INFO] -- [http-8080-2 >>>> LogAspect.java:35 >>>> Method = logBefore] -- [Content = 1.当前访问的类为：com.wz.module.system.controller.LoginContraller@2a795c5e]
[2017-12-05 16:38:34.977] -- [INFO] -- [http-8080-2 >>>> LogAspect.java:36 >>>> Method = logBefore] -- [Content = 2.调用的方法开始：successLogin]
[2017-12-05 16:38:34.978] -- [INFO] -- [http-8080-2 >>>> LogAspect.java:39 >>>> Method = logBefore] -- [Content = successLogin 方法没有参数]
[2017-12-05 16:38:34.978] -- [INFO] -- [http-8080-2 >>>> LogAspect.java:48 >>>> Method = logBefore] -- [Content = /////////////////////////////////////\\\\\\\\\\\\\\\\\\\\\\\\\\\\\\\\\\\\\]
[2017-12-05 16:38:34.978] -- [INFO] -- [http-8080-2 >>>> LogAspect.java:54 >>>> Method = logAfter] -- [Content = \\\\\\\\\\\\\\\\\\\\\\\\\\\\\\\\\\\\\/////////////////////////////////////]
[2017-12-05 16:38:34.978] -- [INFO] -- [http-8080-2 >>>> LogAspect.java:57 >>>> Method = logAfter] -- [Content = 3.共花费时间：7 毫秒]
[2017-12-05 16:38:34.978] -- [INFO] -- [http-8080-2 >>>> LogAspect.java:64 >>>> Method = logAfter] -- [Content = ================== Controller 日志记录 End ===================]
[2017-12-05 16:39:17.537] -- [INFO] -- [http-8080-5 >>>> LogAspect.java:34 >>>> Method = logBefore] -- [Content = ================== Controller 日志记录 start ===================]
[2017-12-05 16:39:17.538] -- [INFO] -- [http-8080-5 >>>> LogAspect.java:35 >>>> Method = logBefore] -- [Content = 1.当前访问的类为：com.wz.module.system.controller.LoginContraller@2a795c5e]
[2017-12-05 16:39:17.539] -- [INFO] -- [http-8080-5 >>>> LogAspect.java:36 >>>> Method = logBefore] -- [Content = 2.调用的方法开始：successLogin]
[2017-12-05 16:39:17.539] -- [INFO] -- [http-8080-5 >>>> LogAspect.java:39 >>>> Method = logBefore] -- [Content = successLogin 方法没有参数]
[2017-12-05 16:39:17.540] -- [INFO] -- [http-8080-5 >>>> LogAspect.java:48 >>>> Method = logBefore] -- [Content = /////////////////////////////////////\\\\\\\\\\\\\\\\\\\\\\\\\\\\\\\\\\\\\]
[2017-12-05 16:39:17.540] -- [INFO] -- [http-8080-5 >>>> LogAspect.java:54 >>>> Method = logAfter] -- [Content = \\\\\\\\\\\\\\\\\\\\\\\\\\\\\\\\\\\\\/////////////////////////////////////]
[2017-12-05 16:39:17.540] -- [INFO] -- [http-8080-5 >>>> LogAspect.java:57 >>>> Method = logAfter] -- [Content = 3.共花费时间：3 毫秒]
[2017-12-05 16:39:17.541] -- [INFO] -- [http-8080-5 >>>> LogAspect.java:64 >>>> Method = logAfter] -- [Content = ================== Controller 日志记录 End ===================]
[2017-12-05 16:40:33.685] -- [INFO] -- [http-8080-4 >>>> LogAspect.java:34 >>>> Method = logBefore] -- [Content = ================== Controller 日志记录 start ===================]
[2017-12-05 16:40:33.686] -- [INFO] -- [http-8080-4 >>>> LogAspect.java:35 >>>> Method = logBefore] -- [Content = 1.当前访问的类为：com.wz.module.system.controller.LoginContraller@2a795c5e]
[2017-12-05 16:40:33.686] -- [INFO] -- [http-8080-4 >>>> LogAspect.java:36 >>>> Method = logBefore] -- [Content = 2.调用的方法开始：successLogin]
[2017-12-05 16:40:33.686] -- [INFO] -- [http-8080-4 >>>> LogAspect.java:39 >>>> Method = logBefore] -- [Content = successLogin 方法没有参数]
[2017-12-05 16:40:33.687] -- [INFO] -- [http-8080-4 >>>> LogAspect.java:48 >>>> Method = logBefore] -- [Content = /////////////////////////////////////\\\\\\\\\\\\\\\\\\\\\\\\\\\\\\\\\\\\\]
[2017-12-05 16:40:33.687] -- [INFO] -- [http-8080-4 >>>> LogAspect.java:54 >>>> Method = logAfter] -- [Content = \\\\\\\\\\\\\\\\\\\\\\\\\\\\\\\\\\\\\/////////////////////////////////////]
[2017-12-05 16:40:33.687] -- [INFO] -- [http-8080-4 >>>> LogAspect.java:57 >>>> Method = logAfter] -- [Content = 3.共花费时间：2 毫秒]
[2017-12-05 16:40:33.688] -- [INFO] -- [http-8080-4 >>>> LogAspect.java:64 >>>> Method = logAfter] -- [Content = ================== Controller 日志记录 End ===================]
[2017-12-05 16:41:35.143] -- [INFO] -- [http-8080-5 >>>> LogAspect.java:34 >>>> Method = logBefore] -- [Content = ================== Controller 日志记录 start ===================]
[2017-12-05 16:41:35.144] -- [INFO] -- [http-8080-5 >>>> LogAspect.java:35 >>>> Method = logBefore] -- [Content = 1.当前访问的类为：com.wz.module.system.controller.LoginContraller@2a795c5e]
[2017-12-05 16:41:35.144] -- [INFO] -- [http-8080-5 >>>> LogAspect.java:36 >>>> Method = logBefore] -- [Content = 2.调用的方法开始：successLogin]
[2017-12-05 16:41:35.144] -- [INFO] -- [http-8080-5 >>>> LogAspect.java:39 >>>> Method = logBefore] -- [Content = successLogin 方法没有参数]
[2017-12-05 16:41:35.144] -- [INFO] -- [http-8080-5 >>>> LogAspect.java:48 >>>> Method = logBefore] -- [Content = /////////////////////////////////////\\\\\\\\\\\\\\\\\\\\\\\\\\\\\\\\\\\\\]
[2017-12-05 16:41:35.145] -- [INFO] -- [http-8080-5 >>>> LogAspect.java:54 >>>> Method = logAfter] -- [Content = \\\\\\\\\\\\\\\\\\\\\\\\\\\\\\\\\\\\\/////////////////////////////////////]
[2017-12-05 16:41:35.145] -- [INFO] -- [http-8080-5 >>>> LogAspect.java:57 >>>> Method = logAfter] -- [Content = 3.共花费时间：2 毫秒]
[2017-12-05 16:41:35.145] -- [INFO] -- [http-8080-5 >>>> LogAspect.java:64 >>>> Method = logAfter] -- [Content = ================== Controller 日志记录 End ===================]
[2017-12-05 17:49:30.020] -- [INFO] -- [http-8080-4 >>>> LogAspect.java:34 >>>> Method = logBefore] -- [Content = ================== Controller 日志记录 start ===================]
[2017-12-05 17:49:30.027] -- [INFO] -- [http-8080-4 >>>> LogAspect.java:35 >>>> Method = logBefore] -- [Content = 1.当前访问的类为：com.wz.module.system.controller.LoginContraller@2a795c5e]
[2017-12-05 17:49:30.027] -- [INFO] -- [http-8080-4 >>>> LogAspect.java:36 >>>> Method = logBefore] -- [Content = 2.调用的方法开始：successLogin]
[2017-12-05 17:49:30.027] -- [INFO] -- [http-8080-4 >>>> LogAspect.java:39 >>>> Method = logBefore] -- [Content = successLogin 方法没有参数]
[2017-12-05 17:49:30.027] -- [INFO] -- [http-8080-4 >>>> LogAspect.java:48 >>>> Method = logBefore] -- [Content = /////////////////////////////////////\\\\\\\\\\\\\\\\\\\\\\\\\\\\\\\\\\\\\]
[2017-12-05 17:49:30.027] -- [INFO] -- [http-8080-4 >>>> LogAspect.java:54 >>>> Method = logAfter] -- [Content = \\\\\\\\\\\\\\\\\\\\\\\\\\\\\\\\\\\\\/////////////////////////////////////]
[2017-12-05 17:49:30.028] -- [INFO] -- [http-8080-4 >>>> LogAspect.java:57 >>>> Method = logAfter] -- [Content = 3.共花费时间：7 毫秒]
[2017-12-05 17:49:30.028] -- [INFO] -- [http-8080-4 >>>> LogAspect.java:64 >>>> Method = logAfter] -- [Content = ================== Controller 日志记录 End ===================]
[2017-12-05 17:51:35.117] -- [INFO] -- [http-8080-5 >>>> LogAspect.java:34 >>>> Method = logBefore] -- [Content = ================== Controller 日志记录 start ===================]
[2017-12-05 17:51:35.118] -- [INFO] -- [http-8080-5 >>>> LogAspect.java:35 >>>> Method = logBefore] -- [Content = 1.当前访问的类为：com.wz.module.system.controller.LoginContraller@2a795c5e]
[2017-12-05 17:51:35.118] -- [INFO] -- [http-8080-5 >>>> LogAspect.java:36 >>>> Method = logBefore] -- [Content = 2.调用的方法开始：successLogin]
[2017-12-05 17:51:35.118] -- [INFO] -- [http-8080-5 >>>> LogAspect.java:39 >>>> Method = logBefore] -- [Content = successLogin 方法没有参数]
[2017-12-05 17:51:35.118] -- [INFO] -- [http-8080-5 >>>> LogAspect.java:48 >>>> Method = logBefore] -- [Content = /////////////////////////////////////\\\\\\\\\\\\\\\\\\\\\\\\\\\\\\\\\\\\\]
[2017-12-05 17:51:35.119] -- [INFO] -- [http-8080-5 >>>> LogAspect.java:54 >>>> Method = logAfter] -- [Content = \\\\\\\\\\\\\\\\\\\\\\\\\\\\\\\\\\\\\/////////////////////////////////////]
[2017-12-05 17:51:35.119] -- [INFO] -- [http-8080-5 >>>> LogAspect.java:57 >>>> Method = logAfter] -- [Content = 3.共花费时间：2 毫秒]
[2017-12-05 17:51:35.119] -- [INFO] -- [http-8080-5 >>>> LogAspect.java:64 >>>> Method = logAfter] -- [Content = ================== Controller 日志记录 End ===================]
[2017-12-05 17:54:19.801] -- [INFO] -- [http-8080-3 >>>> LogAspect.java:34 >>>> Method = logBefore] -- [Content = ================== Controller 日志记录 start ===================]
[2017-12-05 17:54:19.802] -- [INFO] -- [http-8080-3 >>>> LogAspect.java:35 >>>> Method = logBefore] -- [Content = 1.当前访问的类为：com.wz.module.system.controller.LoginContraller@2a795c5e]
[2017-12-05 17:54:19.802] -- [INFO] -- [http-8080-3 >>>> LogAspect.java:36 >>>> Method = logBefore] -- [Content = 2.调用的方法开始：successLogin]
[2017-12-05 17:54:19.802] -- [INFO] -- [http-8080-3 >>>> LogAspect.java:39 >>>> Method = logBefore] -- [Content = successLogin 方法没有参数]
[2017-12-05 17:54:19.802] -- [INFO] -- [http-8080-3 >>>> LogAspect.java:48 >>>> Method = logBefore] -- [Content = /////////////////////////////////////\\\\\\\\\\\\\\\\\\\\\\\\\\\\\\\\\\\\\]
[2017-12-05 17:54:19.803] -- [INFO] -- [http-8080-3 >>>> LogAspect.java:54 >>>> Method = logAfter] -- [Content = \\\\\\\\\\\\\\\\\\\\\\\\\\\\\\\\\\\\\/////////////////////////////////////]
[2017-12-05 17:54:19.803] -- [INFO] -- [http-8080-3 >>>> LogAspect.java:57 >>>> Method = logAfter] -- [Content = 3.共花费时间：2 毫秒]
[2017-12-05 17:54:19.803] -- [INFO] -- [http-8080-3 >>>> LogAspect.java:64 >>>> Method = logAfter] -- [Content = ================== Controller 日志记录 End ===================]
[2017-12-05 17:56:47.526] -- [INFO] -- [http-8080-3 >>>> LogAspect.java:34 >>>> Method = logBefore] -- [Content = ================== Controller 日志记录 start ===================]
[2017-12-05 17:56:47.527] -- [INFO] -- [http-8080-3 >>>> LogAspect.java:35 >>>> Method = logBefore] -- [Content = 1.当前访问的类为：com.wz.module.system.controller.LoginContraller@2a795c5e]
[2017-12-05 17:56:47.527] -- [INFO] -- [http-8080-3 >>>> LogAspect.java:36 >>>> Method = logBefore] -- [Content = 2.调用的方法开始：successLogin]
[2017-12-05 17:56:47.528] -- [INFO] -- [http-8080-3 >>>> LogAspect.java:39 >>>> Method = logBefore] -- [Content = successLogin 方法没有参数]
[2017-12-05 17:56:47.528] -- [INFO] -- [http-8080-3 >>>> LogAspect.java:48 >>>> Method = logBefore] -- [Content = /////////////////////////////////////\\\\\\\\\\\\\\\\\\\\\\\\\\\\\\\\\\\\\]
[2017-12-05 17:56:47.528] -- [INFO] -- [http-8080-3 >>>> LogAspect.java:54 >>>> Method = logAfter] -- [Content = \\\\\\\\\\\\\\\\\\\\\\\\\\\\\\\\\\\\\/////////////////////////////////////]
[2017-12-05 17:56:47.528] -- [INFO] -- [http-8080-3 >>>> LogAspect.java:57 >>>> Method = logAfter] -- [Content = 3.共花费时间：2 毫秒]
[2017-12-05 17:56:47.529] -- [INFO] -- [http-8080-3 >>>> LogAspect.java:64 >>>> Method = logAfter] -- [Content = ================== Controller 日志记录 End ===================]
[2017-12-05 17:56:54.316] -- [INFO] -- [http-8080-3 >>>> LogAspect.java:34 >>>> Method = logBefore] -- [Content = ================== Controller 日志记录 start ===================]
[2017-12-05 17:56:54.317] -- [INFO] -- [http-8080-3 >>>> LogAspect.java:35 >>>> Method = logBefore] -- [Content = 1.当前访问的类为：com.wz.module.system.controller.LoginContraller@2a795c5e]
[2017-12-05 17:56:54.317] -- [INFO] -- [http-8080-3 >>>> LogAspect.java:36 >>>> Method = logBefore] -- [Content = 2.调用的方法开始：successLogin]
[2017-12-05 17:56:54.318] -- [INFO] -- [http-8080-3 >>>> LogAspect.java:39 >>>> Method = logBefore] -- [Content = successLogin 方法没有参数]
[2017-12-05 17:56:54.318] -- [INFO] -- [http-8080-3 >>>> LogAspect.java:48 >>>> Method = logBefore] -- [Content = /////////////////////////////////////\\\\\\\\\\\\\\\\\\\\\\\\\\\\\\\\\\\\\]
[2017-12-05 17:56:54.318] -- [INFO] -- [http-8080-3 >>>> LogAspect.java:54 >>>> Method = logAfter] -- [Content = \\\\\\\\\\\\\\\\\\\\\\\\\\\\\\\\\\\\\/////////////////////////////////////]
[2017-12-05 17:56:54.319] -- [INFO] -- [http-8080-3 >>>> LogAspect.java:57 >>>> Method = logAfter] -- [Content = 3.共花费时间：3 毫秒]
[2017-12-05 17:56:54.319] -- [INFO] -- [http-8080-3 >>>> LogAspect.java:64 >>>> Method = logAfter] -- [Content = ================== Controller 日志记录 End ===================]
[2017-12-05 17:58:28.612] -- [INFO] -- [http-8080-6 >>>> LogAspect.java:34 >>>> Method = logBefore] -- [Content = ================== Controller 日志记录 start ===================]
[2017-12-05 17:58:28.612] -- [INFO] -- [http-8080-6 >>>> LogAspect.java:35 >>>> Method = logBefore] -- [Content = 1.当前访问的类为：com.wz.module.system.controller.LoginContraller@2a795c5e]
[2017-12-05 17:58:28.613] -- [INFO] -- [http-8080-6 >>>> LogAspect.java:36 >>>> Method = logBefore] -- [Content = 2.调用的方法开始：successLogin]
[2017-12-05 17:58:28.613] -- [INFO] -- [http-8080-6 >>>> LogAspect.java:39 >>>> Method = logBefore] -- [Content = successLogin 方法没有参数]
[2017-12-05 17:58:28.613] -- [INFO] -- [http-8080-6 >>>> LogAspect.java:48 >>>> Method = logBefore] -- [Content = /////////////////////////////////////\\\\\\\\\\\\\\\\\\\\\\\\\\\\\\\\\\\\\]
[2017-12-05 17:58:28.613] -- [INFO] -- [http-8080-6 >>>> LogAspect.java:54 >>>> Method = logAfter] -- [Content = \\\\\\\\\\\\\\\\\\\\\\\\\\\\\\\\\\\\\/////////////////////////////////////]
[2017-12-05 17:58:28.613] -- [INFO] -- [http-8080-6 >>>> LogAspect.java:57 >>>> Method = logAfter] -- [Content = 3.共花费时间：1 毫秒]
[2017-12-05 17:58:28.614] -- [INFO] -- [http-8080-6 >>>> LogAspect.java:64 >>>> Method = logAfter] -- [Content = ================== Controller 日志记录 End ===================]
[2017-12-05 18:02:36.509] -- [INFO] -- [http-8080-3 >>>> LogAspect.java:34 >>>> Method = logBefore] -- [Content = ================== Controller 日志记录 start ===================]
[2017-12-05 18:02:36.509] -- [INFO] -- [http-8080-3 >>>> LogAspect.java:35 >>>> Method = logBefore] -- [Content = 1.当前访问的类为：com.wz.module.system.controller.LoginContraller@2a795c5e]
[2017-12-05 18:02:36.510] -- [INFO] -- [http-8080-3 >>>> LogAspect.java:36 >>>> Method = logBefore] -- [Content = 2.调用的方法开始：successLogin]
[2017-12-05 18:02:36.510] -- [INFO] -- [http-8080-3 >>>> LogAspect.java:39 >>>> Method = logBefore] -- [Content = successLogin 方法没有参数]
[2017-12-05 18:02:36.510] -- [INFO] -- [http-8080-3 >>>> LogAspect.java:48 >>>> Method = logBefore] -- [Content = /////////////////////////////////////\\\\\\\\\\\\\\\\\\\\\\\\\\\\\\\\\\\\\]
[2017-12-05 18:02:36.511] -- [INFO] -- [http-8080-3 >>>> LogAspect.java:54 >>>> Method = logAfter] -- [Content = \\\\\\\\\\\\\\\\\\\\\\\\\\\\\\\\\\\\\/////////////////////////////////////]
[2017-12-05 18:02:36.511] -- [INFO] -- [http-8080-3 >>>> LogAspect.java:57 >>>> Method = logAfter] -- [Content = 3.共花费时间：2 毫秒]
[2017-12-05 18:02:36.512] -- [INFO] -- [http-8080-3 >>>> LogAspect.java:64 >>>> Method = logAfter] -- [Content = ================== Controller 日志记录 End ===================]
[2017-12-05 18:04:13.527] -- [INFO] -- [http-8080-4 >>>> LogAspect.java:34 >>>> Method = logBefore] -- [Content = ================== Controller 日志记录 start ===================]
[2017-12-05 18:04:13.528] -- [INFO] -- [http-8080-4 >>>> LogAspect.java:35 >>>> Method = logBefore] -- [Content = 1.当前访问的类为：com.wz.module.system.controller.LoginContraller@2a795c5e]
[2017-12-05 18:04:13.528] -- [INFO] -- [http-8080-4 >>>> LogAspect.java:36 >>>> Method = logBefore] -- [Content = 2.调用的方法开始：successLogin]
[2017-12-05 18:04:13.529] -- [INFO] -- [http-8080-4 >>>> LogAspect.java:39 >>>> Method = logBefore] -- [Content = successLogin 方法没有参数]
[2017-12-05 18:04:13.530] -- [INFO] -- [http-8080-4 >>>> LogAspect.java:48 >>>> Method = logBefore] -- [Content = /////////////////////////////////////\\\\\\\\\\\\\\\\\\\\\\\\\\\\\\\\\\\\\]
[2017-12-05 18:04:13.530] -- [INFO] -- [http-8080-4 >>>> LogAspect.java:54 >>>> Method = logAfter] -- [Content = \\\\\\\\\\\\\\\\\\\\\\\\\\\\\\\\\\\\\/////////////////////////////////////]
[2017-12-05 18:04:13.530] -- [INFO] -- [http-8080-4 >>>> LogAspect.java:57 >>>> Method = logAfter] -- [Content = 3.共花费时间：3 毫秒]
[2017-12-05 18:04:13.531] -- [INFO] -- [http-8080-4 >>>> LogAspect.java:64 >>>> Method = logAfter] -- [Content = ================== Controller 日志记录 End ===================]
[2017-12-05 18:04:19.551] -- [INFO] -- [http-8080-4 >>>> LogAspect.java:34 >>>> Method = logBefore] -- [Content = ================== Controller 日志记录 start ===================]
[2017-12-05 18:04:19.551] -- [INFO] -- [http-8080-4 >>>> LogAspect.java:35 >>>> Method = logBefore] -- [Content = 1.当前访问的类为：com.wz.module.system.controller.LoginContraller@2a795c5e]
[2017-12-05 18:04:19.551] -- [INFO] -- [http-8080-4 >>>> LogAspect.java:36 >>>> Method = logBefore] -- [Content = 2.调用的方法开始：successLogin]
[2017-12-05 18:04:19.552] -- [INFO] -- [http-8080-4 >>>> LogAspect.java:39 >>>> Method = logBefore] -- [Content = successLogin 方法没有参数]
[2017-12-05 18:04:19.552] -- [INFO] -- [http-8080-4 >>>> LogAspect.java:48 >>>> Method = logBefore] -- [Content = /////////////////////////////////////\\\\\\\\\\\\\\\\\\\\\\\\\\\\\\\\\\\\\]
[2017-12-05 18:04:19.552] -- [INFO] -- [http-8080-4 >>>> LogAspect.java:54 >>>> Method = logAfter] -- [Content = \\\\\\\\\\\\\\\\\\\\\\\\\\\\\\\\\\\\\/////////////////////////////////////]
[2017-12-05 18:04:19.552] -- [INFO] -- [http-8080-4 >>>> LogAspect.java:57 >>>> Method = logAfter] -- [Content = 3.共花费时间：1 毫秒]
[2017-12-05 18:04:19.552] -- [INFO] -- [http-8080-4 >>>> LogAspect.java:64 >>>> Method = logAfter] -- [Content = ================== Controller 日志记录 End ===================]
[2017-12-05 18:04:36.949] -- [INFO] -- [http-8080-4 >>>> LogAspect.java:34 >>>> Method = logBefore] -- [Content = ================== Controller 日志记录 start ===================]
[2017-12-05 18:04:36.950] -- [INFO] -- [http-8080-4 >>>> LogAspect.java:35 >>>> Method = logBefore] -- [Content = 1.当前访问的类为：com.wz.module.system.controller.LoginContraller@2a795c5e]
[2017-12-05 18:04:36.950] -- [INFO] -- [http-8080-4 >>>> LogAspect.java:36 >>>> Method = logBefore] -- [Content = 2.调用的方法开始：successLogin]
[2017-12-05 18:04:36.951] -- [INFO] -- [http-8080-4 >>>> LogAspect.java:39 >>>> Method = logBefore] -- [Content = successLogin 方法没有参数]
[2017-12-05 18:04:36.951] -- [INFO] -- [http-8080-4 >>>> LogAspect.java:48 >>>> Method = logBefore] -- [Content = /////////////////////////////////////\\\\\\\\\\\\\\\\\\\\\\\\\\\\\\\\\\\\\]
[2017-12-05 18:04:36.952] -- [INFO] -- [http-8080-4 >>>> LogAspect.java:54 >>>> Method = logAfter] -- [Content = \\\\\\\\\\\\\\\\\\\\\\\\\\\\\\\\\\\\\/////////////////////////////////////]
[2017-12-05 18:04:36.953] -- [INFO] -- [http-8080-4 >>>> LogAspect.java:57 >>>> Method = logAfter] -- [Content = 3.共花费时间：4 毫秒]
[2017-12-05 18:04:36.953] -- [INFO] -- [http-8080-4 >>>> LogAspect.java:64 >>>> Method = logAfter] -- [Content = ================== Controller 日志记录 End ===================]
[2017-12-05 18:10:00.339] -- [INFO] -- [http-8080-3 >>>> LogAspect.java:34 >>>> Method = logBefore] -- [Content = ================== Controller 日志记录 start ===================]
[2017-12-05 18:10:00.340] -- [INFO] -- [http-8080-3 >>>> LogAspect.java:35 >>>> Method = logBefore] -- [Content = 1.当前访问的类为：com.wz.module.system.controller.LoginContraller@2a795c5e]
[2017-12-05 18:10:00.341] -- [INFO] -- [http-8080-3 >>>> LogAspect.java:36 >>>> Method = logBefore] -- [Content = 2.调用的方法开始：successLogin]
[2017-12-05 18:10:00.341] -- [INFO] -- [http-8080-3 >>>> LogAspect.java:39 >>>> Method = logBefore] -- [Content = successLogin 方法没有参数]
[2017-12-05 18:10:00.342] -- [INFO] -- [http-8080-3 >>>> LogAspect.java:48 >>>> Method = logBefore] -- [Content = /////////////////////////////////////\\\\\\\\\\\\\\\\\\\\\\\\\\\\\\\\\\\\\]
[2017-12-05 18:10:00.342] -- [INFO] -- [http-8080-3 >>>> LogAspect.java:54 >>>> Method = logAfter] -- [Content = \\\\\\\\\\\\\\\\\\\\\\\\\\\\\\\\\\\\\/////////////////////////////////////]
[2017-12-05 18:10:00.343] -- [INFO] -- [http-8080-3 >>>> LogAspect.java:57 >>>> Method = logAfter] -- [Content = 3.共花费时间：3 毫秒]
[2017-12-05 18:10:00.343] -- [INFO] -- [http-8080-3 >>>> LogAspect.java:64 >>>> Method = logAfter] -- [Content = ================== Controller 日志记录 End ===================]
[2017-12-05 18:15:57.541] -- [INFO] -- [http-8080-4 >>>> LogAspect.java:34 >>>> Method = logBefore] -- [Content = ================== Controller 日志记录 start ===================]
[2017-12-05 18:15:57.542] -- [INFO] -- [http-8080-4 >>>> LogAspect.java:35 >>>> Method = logBefore] -- [Content = 1.当前访问的类为：com.wz.module.system.controller.LoginContraller@2a795c5e]
[2017-12-05 18:15:57.542] -- [INFO] -- [http-8080-4 >>>> LogAspect.java:36 >>>> Method = logBefore] -- [Content = 2.调用的方法开始：successLogin]
[2017-12-05 18:15:57.542] -- [INFO] -- [http-8080-4 >>>> LogAspect.java:39 >>>> Method = logBefore] -- [Content = successLogin 方法没有参数]
[2017-12-05 18:15:57.543] -- [INFO] -- [http-8080-4 >>>> LogAspect.java:48 >>>> Method = logBefore] -- [Content = /////////////////////////////////////\\\\\\\\\\\\\\\\\\\\\\\\\\\\\\\\\\\\\]
[2017-12-05 18:15:57.543] -- [INFO] -- [http-8080-4 >>>> LogAspect.java:54 >>>> Method = logAfter] -- [Content = \\\\\\\\\\\\\\\\\\\\\\\\\\\\\\\\\\\\\/////////////////////////////////////]
[2017-12-05 18:15:57.543] -- [INFO] -- [http-8080-4 >>>> LogAspect.java:57 >>>> Method = logAfter] -- [Content = 3.共花费时间：2 毫秒]
[2017-12-05 18:15:57.543] -- [INFO] -- [http-8080-4 >>>> LogAspect.java:64 >>>> Method = logAfter] -- [Content = ================== Controller 日志记录 End ===================]
[2017-12-05 18:16:50.884] -- [INFO] -- [http-8080-3 >>>> LogAspect.java:34 >>>> Method = logBefore] -- [Content = ================== Controller 日志记录 start ===================]
[2017-12-05 18:16:50.884] -- [INFO] -- [http-8080-3 >>>> LogAspect.java:35 >>>> Method = logBefore] -- [Content = 1.当前访问的类为：com.wz.module.system.controller.LoginContraller@2a795c5e]
[2017-12-05 18:16:50.884] -- [INFO] -- [http-8080-3 >>>> LogAspect.java:36 >>>> Method = logBefore] -- [Content = 2.调用的方法开始：successLogin]
[2017-12-05 18:16:50.885] -- [INFO] -- [http-8080-3 >>>> LogAspect.java:39 >>>> Method = logBefore] -- [Content = successLogin 方法没有参数]
[2017-12-05 18:16:50.885] -- [INFO] -- [http-8080-3 >>>> LogAspect.java:48 >>>> Method = logBefore] -- [Content = /////////////////////////////////////\\\\\\\\\\\\\\\\\\\\\\\\\\\\\\\\\\\\\]
[2017-12-05 18:16:50.885] -- [INFO] -- [http-8080-3 >>>> LogAspect.java:54 >>>> Method = logAfter] -- [Content = \\\\\\\\\\\\\\\\\\\\\\\\\\\\\\\\\\\\\/////////////////////////////////////]
[2017-12-05 18:16:50.885] -- [INFO] -- [http-8080-3 >>>> LogAspect.java:57 >>>> Method = logAfter] -- [Content = 3.共花费时间：1 毫秒]
[2017-12-05 18:16:50.885] -- [INFO] -- [http-8080-3 >>>> LogAspect.java:64 >>>> Method = logAfter] -- [Content = ================== Controller 日志记录 End ===================]
